2025-07-18 21:25:03,257 [INFO] Activator:176 - 


2025-07-18 21:25:03,266 [INFO] Activator:177 - !SESSION log4j initialized
2025-07-18 21:25:16,756 [INFO] LogOutputStream:77 - [STDOUT_REDIRECT] 
2025-07-18 21:25:23,959 [INFO] ApplicationProperties:184 - Using Application install path: C:\ST\STM32CubeIDE_1.16.0\STM32CubeIDE\plugins\com.st.stm32cube.common.mx_6.12.0.202406281431
2025-07-18 21:25:24,004 [INFO] DbMcusXml:78 - Set database path to: C:\ST\STM32CubeIDE_1.16.0\STM32CubeIDE\plugins\com.st.stm32cube.common.mx_6.12.0.202406281431\\db\/mcu/
2025-07-18 21:25:24,005 [INFO] ApiDb:274 - Set plugin database path to: C:\ST\STM32CubeIDE_1.16.0\STM32CubeIDE\plugins\com.st.stm32cube.common.mx_6.12.0.202406281431\\db\/plugins/boardmanager/
2025-07-18 21:25:24,006 [WARN] ApiDb:259 - Overriding images path with different value:  => C:\ST\STM32CubeIDE_1.16.0\STM32CubeIDE\plugins\com.st.stm32cube.common.mx_6.12.0.202406281431\\db\/plugins/mcufinder/images/
2025-07-18 21:25:24,034 [INFO] ApiDb:250 - Set database path to: C:\Users\dell\.stmcufinder\plugins\mcufinder//mcu/
2025-07-18 21:25:24,038 [INFO] DbMcusAds:125 - Set database path to: C:\Users\dell\.stmcufinder\plugins\mcufinder//mcu/
2025-07-18 21:25:24,047 [INFO] CrossReferenceDbSqlite:203 - Set database path to: C:\Users\dell\.stmcufinder\plugins\mcufinder//mcu/cs/
2025-07-18 21:25:24,229 [INFO] RulesReader:64 - Compatibility file has been processed (297 Rules)
2025-07-18 21:25:24,388 [INFO] DbMcusXml:78 - Set database path to: C:\ST\STM32CubeIDE_1.16.0\STM32CubeIDE\plugins\com.st.stm32cube.common.mx_6.12.0.202406281431\\db\/mcu/
2025-07-18 21:25:24,388 [INFO] ApiDb:274 - Set plugin database path to: C:\ST\STM32CubeIDE_1.16.0\STM32CubeIDE\plugins\com.st.stm32cube.common.mx_6.12.0.202406281431\\db\/plugins/boardmanager/
2025-07-18 21:25:24,389 [INFO] ApiDb:261 - Set plugin images path to: C:\ST\STM32CubeIDE_1.16.0\STM32CubeIDE\plugins\com.st.stm32cube.common.mx_6.12.0.202406281431\\db\/plugins/mcufinder/images/
2025-07-18 21:25:24,389 [WARN] DbFile:41 - Overriding database path with different value: C:\Users\dell\.stmcufinder\plugins\mcufinder/ => C:\Users\dell\.stmcufinder\plugins\mcufinder
2025-07-18 21:25:24,389 [INFO] ApiDb:250 - Set database path to: C:\Users\dell\.stmcufinder\plugins\mcufinder//mcu/
2025-07-18 21:25:24,389 [WARN] DbFile:41 - Overriding database path with different value: C:\Users\dell\.stmcufinder\plugins\mcufinder/ => C:\Users\dell\.stmcufinder\plugins\mcufinder
2025-07-18 21:25:24,390 [INFO] DbMcusAds:125 - Set database path to: C:\Users\dell\.stmcufinder\plugins\mcufinder//mcu/
2025-07-18 21:25:24,390 [WARN] DbFile:41 - Overriding database path with different value: C:\Users\dell\.stmcufinder\plugins\mcufinder/ => C:\Users\dell\.stmcufinder\plugins\mcufinder
2025-07-18 21:25:24,390 [WARN] DbFile:41 - Overriding database path with different value: C:\Users\dell\.stmcufinder\plugins\mcufinder/ => C:\Users\dell\.stmcufinder\plugins\mcufinder
2025-07-18 21:25:24,390 [INFO] CrossReferenceDbSqlite:203 - Set database path to: C:\Users\dell\.stmcufinder\plugins\mcufinder//mcu/cs/
2025-07-18 21:25:24,562 [INFO] MainPanel:268 - HeapMemory: 268435456
2025-07-18 21:25:24,749 [INFO] DbMcusXml:78 - Set database path to: C:\ST\STM32CubeIDE_1.16.0\STM32CubeIDE\plugins\com.st.stm32cube.common.mx_6.12.0.202406281431\\db\/mcu/
2025-07-18 21:25:24,750 [INFO] ApiDb:274 - Set plugin database path to: C:\ST\STM32CubeIDE_1.16.0\STM32CubeIDE\plugins\com.st.stm32cube.common.mx_6.12.0.202406281431\\db\/plugins/boardmanager/
2025-07-18 21:25:24,750 [INFO] ApiDb:261 - Set plugin images path to: C:\ST\STM32CubeIDE_1.16.0\STM32CubeIDE\plugins\com.st.stm32cube.common.mx_6.12.0.202406281431\\db\/plugins/mcufinder/images/
2025-07-18 21:25:24,751 [WARN] DbFile:41 - Overriding database path with different value: C:\Users\dell\.stmcufinder\plugins\mcufinder/ => C:\Users\dell\.stmcufinder\plugins\mcufinder
2025-07-18 21:25:24,751 [INFO] ApiDb:250 - Set database path to: C:\Users\dell\.stmcufinder\plugins\mcufinder//mcu/
2025-07-18 21:25:24,751 [WARN] DbFile:41 - Overriding database path with different value: C:\Users\dell\.stmcufinder\plugins\mcufinder/ => C:\Users\dell\.stmcufinder\plugins\mcufinder
2025-07-18 21:25:24,751 [INFO] DbMcusAds:125 - Set database path to: C:\Users\dell\.stmcufinder\plugins\mcufinder//mcu/
2025-07-18 21:25:24,752 [WARN] DbFile:41 - Overriding database path with different value: C:\Users\dell\.stmcufinder\plugins\mcufinder/ => C:\Users\dell\.stmcufinder\plugins\mcufinder
2025-07-18 21:25:24,752 [WARN] DbFile:41 - Overriding database path with different value: C:\Users\dell\.stmcufinder\plugins\mcufinder/ => C:\Users\dell\.stmcufinder\plugins\mcufinder
2025-07-18 21:25:24,752 [INFO] CrossReferenceDbSqlite:203 - Set database path to: C:\Users\dell\.stmcufinder\plugins\mcufinder//mcu/cs/
2025-07-18 21:25:24,789 [INFO] ApplicationProperties:184 - Using Application install path: C:\ST\STM32CubeIDE_1.16.0\STM32CubeIDE\plugins\com.st.stm32cube.common.mx_6.12.0.202406281431
2025-07-18 21:25:24,793 [INFO] PluginManage:196 - Search for loadable plugins [exclusion list=, ]
2025-07-18 21:25:24,797 [INFO] PluginManage:310 - Check plugin analytics
2025-07-18 21:25:29,573 [INFO] AnalyticsPlugin:253 - Accepted Software Licenses: 
2025-07-18 21:25:29,573 [INFO] AnalyticsPlugin:255 - Accepted CMSIS Pack Licenses: 
2025-07-18 21:25:29,573 [INFO] AnalyticsPlugin:257 - Accepted Firmware Licenses: FW.F4.1.27.0,FW.F4.1.28.0
2025-07-18 21:25:29,578 [INFO] PluginManage:359 - Loaded plugin analytics (category:tool,tabindex:-1)
2025-07-18 21:25:29,579 [INFO] PluginManage:310 - Check plugin cadmodel
2025-07-18 21:25:29,610 [INFO] CADModel:105 - Init CAD model plugin
2025-07-18 21:25:29,610 [INFO] PluginManage:359 - Loaded plugin cadmodel (category:power,tabindex:5)
2025-07-18 21:25:29,611 [INFO] PluginManage:310 - Check plugin clock
2025-07-18 21:25:29,642 [INFO] PluginManage:359 - Loaded plugin clock (category:base,tabindex:2)
2025-07-18 21:25:29,642 [INFO] PluginManage:310 - Check plugin ddr
2025-07-18 21:25:29,648 [INFO] PluginManage:359 - Loaded plugin ddr (category:tool,tabindex:6)
2025-07-18 21:25:29,649 [INFO] PluginManage:310 - Check plugin filemanager
2025-07-18 21:25:29,961 [INFO] PluginManage:359 - Loaded plugin filemanager (category:base,tabindex:10)
2025-07-18 21:25:29,962 [INFO] PluginManage:310 - Check plugin ipmanager
2025-07-18 21:25:29,990 [INFO] PluginManage:359 - Loaded plugin ipmanager (category:base,tabindex:5)
2025-07-18 21:25:29,992 [INFO] PluginManage:310 - Check plugin lpbam
2025-07-18 21:25:30,032 [INFO] PluginManage:359 - Loaded plugin lpbam (category:base,tabindex:0)
2025-07-18 21:25:30,032 [INFO] PluginManage:310 - Check plugin memorymap
2025-07-18 21:25:30,069 [INFO] PluginManage:359 - Loaded plugin memorymap (category:base,tabindex:4)
2025-07-18 21:25:30,069 [INFO] PluginManage:310 - Check plugin pinoutandconfiguration
2025-07-18 21:25:30,096 [INFO] PluginManage:359 - Loaded plugin pinoutandconfiguration (category:base,tabindex:1)
2025-07-18 21:25:30,097 [INFO] PluginManage:310 - Check plugin pinoutconfig
2025-07-18 21:25:30,216 [WARN] SupportedApi:132 - Cannot load RTOS API schema: s4s-elt-must-match.1: The content of 'definitions' must match (annotation?, (simpleType | complexType)?, (unique | key | keyref)*)). A problem was found starting at: attribute.
2025-07-18 21:25:30,418 [INFO] PluginManage:359 - Loaded plugin pinoutconfig (category:base,tabindex:0)
2025-07-18 21:25:30,418 [INFO] PluginManage:310 - Check plugin power
2025-07-18 21:25:30,454 [INFO] PluginManage:359 - Loaded plugin power (category:power,tabindex:4)
2025-07-18 21:25:30,454 [INFO] PluginManage:310 - Check plugin projectmanager
2025-07-18 21:25:30,472 [INFO] PluginManage:359 - Loaded plugin projectmanager (category:projectmanager,tabindex:4)
2025-07-18 21:25:30,473 [INFO] PluginManage:310 - Check plugin rif
2025-07-18 21:25:30,500 [INFO] PluginManage:359 - Loaded plugin rif (category:base,tabindex:3)
2025-07-18 21:25:30,500 [INFO] PluginManage:310 - Check plugin thirdparty
2025-07-18 21:25:31,171 [INFO] PluginManage:359 - Loaded plugin thirdparty (category:base,tabindex:-1)
2025-07-18 21:25:31,171 [WARN] IntegrityCheckThread:84 - waiting for thirdparty lock release [integrity check]
2025-07-18 21:25:31,173 [INFO] PluginManage:310 - Check plugin tools
2025-07-18 21:25:31,173 [INFO] IntegrityCheckThread:86 - entering critical section [integrity check]
2025-07-18 21:25:31,175 [INFO] ThirdPartyUpdaterWithRetryManager:70 - Updater plugin not ready yet. [1/15]
2025-07-18 21:25:31,282 [INFO] PluginManage:359 - Loaded plugin tools (category:base,tabindex:7)
2025-07-18 21:25:31,282 [INFO] PluginManage:310 - Check plugin tutovideos
2025-07-18 21:25:31,554 [INFO] PluginManage:359 - Loaded plugin tutovideos (category:base,tabindex:-1)
2025-07-18 21:25:31,554 [INFO] PluginManage:310 - Check plugin updater
2025-07-18 21:25:31,577 [INFO] PluginManage:359 - Loaded plugin updater (category:base,tabindex:12)
2025-07-18 21:25:31,577 [INFO] PluginManage:310 - Check plugin userauth
2025-07-18 21:25:31,589 [INFO] UserAuth:113 - Init User Auth plugin
2025-07-18 21:25:31,589 [INFO] PluginManage:359 - Loaded plugin userauth (category:base,tabindex:14)
2025-07-18 21:25:31,590 [INFO] PluginManage:283 - PluginManage : Loaded plugins [18]
2025-07-18 21:25:31,976 [INFO] PinOutPanel:1561 - setPackage(No Configuration,No Configuration)
2025-07-18 21:25:32,109 [INFO] CADModel:165 - CPN selected for project level
2025-07-18 21:25:32,109 [INFO] CADModel:114 - Register for checkConnection events
2025-07-18 21:25:32,152 [INFO] IPUIPlugin:80 - create IPUIPlugin
2025-07-18 21:25:32,152 [INFO] PluginManager:220 - loadIPPluginJar : add adc
2025-07-18 21:25:32,218 [INFO] IPUIPlugin:80 - create IPUIPlugin
2025-07-18 21:25:32,218 [INFO] PluginManager:220 - loadIPPluginJar : add aes
2025-07-18 21:25:32,295 [INFO] IPUIPlugin:80 - create IPUIPlugin
2025-07-18 21:25:32,295 [INFO] PluginManager:220 - loadIPPluginJar : add can
2025-07-18 21:25:32,340 [INFO] IPUIPlugin:80 - create IPUIPlugin
2025-07-18 21:25:32,341 [INFO] PluginManager:220 - loadIPPluginJar : add comp
2025-07-18 21:25:32,405 [INFO] IPUIPlugin:80 - create IPUIPlugin
2025-07-18 21:25:32,405 [INFO] PluginManager:220 - loadIPPluginJar : add cryp
2025-07-18 21:25:32,430 [INFO] IPUIPlugin:80 - create IPUIPlugin
2025-07-18 21:25:32,430 [INFO] PluginManager:220 - loadIPPluginJar : add ddr_ctrl_phy
2025-07-18 21:25:32,498 [INFO] IPUIPlugin:80 - create IPUIPlugin
2025-07-18 21:25:32,498 [INFO] PluginManager:220 - loadIPPluginJar : add dfsdm
2025-07-18 21:25:32,528 [INFO] IPUIPlugin:80 - create IPUIPlugin
2025-07-18 21:25:32,529 [INFO] PluginManager:220 - loadIPPluginJar : add dma
2025-07-18 21:25:32,609 [INFO] IPUIPlugin:80 - create IPUIPlugin
2025-07-18 21:25:32,609 [INFO] PluginManager:220 - loadIPPluginJar : add dma3
2025-07-18 21:25:32,685 [INFO] IPUIPlugin:80 - create IPUIPlugin
2025-07-18 21:25:32,685 [INFO] PluginManager:220 - loadIPPluginJar : add extmemmanager
2025-07-18 21:25:32,726 [INFO] IPUIPlugin:80 - create IPUIPlugin
2025-07-18 21:25:32,726 [INFO] PluginManager:220 - loadIPPluginJar : add fatfs
2025-07-18 21:25:32,808 [INFO] IPUIPlugin:80 - create IPUIPlugin
2025-07-18 21:25:32,808 [INFO] PluginManager:220 - loadIPPluginJar : add fmc
2025-07-18 21:25:32,834 [INFO] IPUIPlugin:80 - create IPUIPlugin
2025-07-18 21:25:32,834 [INFO] PluginManager:220 - loadIPPluginJar : add freertos
2025-07-18 21:25:32,872 [INFO] IPUIPlugin:80 - create IPUIPlugin
2025-07-18 21:25:32,872 [INFO] PluginManager:220 - loadIPPluginJar : add genericplugin
2025-07-18 21:25:33,049 [INFO] IPUIPlugin:80 - create IPUIPlugin
2025-07-18 21:25:33,049 [INFO] PluginManager:220 - loadIPPluginJar : add gfxmmu
2025-07-18 21:25:33,310 [INFO] IPUIPlugin:80 - create IPUIPlugin
2025-07-18 21:25:33,310 [INFO] PluginManager:220 - loadIPPluginJar : add gic
2025-07-18 21:25:33,336 [INFO] IPUIPlugin:80 - create IPUIPlugin
2025-07-18 21:25:33,336 [INFO] PluginManager:220 - loadIPPluginJar : add gpio
2025-07-18 21:25:33,501 [INFO] IPUIPlugin:80 - create IPUIPlugin
2025-07-18 21:25:33,501 [INFO] PluginManager:220 - loadIPPluginJar : add gtzc
2025-07-18 21:25:33,561 [INFO] IPUIPlugin:80 - create IPUIPlugin
2025-07-18 21:25:33,561 [INFO] PluginManager:220 - loadIPPluginJar : add hash
2025-07-18 21:25:33,652 [INFO] IPUIPlugin:80 - create IPUIPlugin
2025-07-18 21:25:33,652 [INFO] PluginManager:220 - loadIPPluginJar : add i2c
2025-07-18 21:25:33,790 [INFO] IPUIPlugin:80 - create IPUIPlugin
2025-07-18 21:25:33,790 [INFO] PluginManager:220 - loadIPPluginJar : add i2s
2025-07-18 21:25:33,914 [INFO] IPUIPlugin:80 - create IPUIPlugin
2025-07-18 21:25:33,914 [INFO] PluginManager:220 - loadIPPluginJar : add i3c
2025-07-18 21:25:34,069 [INFO] IPUIPlugin:80 - create IPUIPlugin
2025-07-18 21:25:34,069 [INFO] PluginManager:220 - loadIPPluginJar : add ipddr
2025-07-18 21:25:34,177 [INFO] ThirdPartyUpdaterWithRetryManager:70 - Updater plugin not ready yet. [2/15]
2025-07-18 21:25:34,232 [INFO] IPUIPlugin:80 - create IPUIPlugin
2025-07-18 21:25:34,232 [INFO] PluginManager:220 - loadIPPluginJar : add linkedlist
2025-07-18 21:25:34,301 [INFO] IPUIPlugin:80 - create IPUIPlugin
2025-07-18 21:25:34,301 [INFO] PluginManager:220 - loadIPPluginJar : add lorawan
2025-07-18 21:25:34,367 [INFO] IPUIPlugin:80 - create IPUIPlugin
2025-07-18 21:25:34,367 [INFO] PluginManager:220 - loadIPPluginJar : add ltdc
2025-07-18 21:25:34,391 [INFO] IPUIPlugin:80 - create IPUIPlugin
2025-07-18 21:25:34,392 [INFO] PluginManager:220 - loadIPPluginJar : add mdma
2025-07-18 21:25:34,411 [INFO] IPUIPlugin:80 - create IPUIPlugin
2025-07-18 21:25:34,412 [INFO] PluginManager:220 - loadIPPluginJar : add nvic
2025-07-18 21:25:34,478 [INFO] IPUIPlugin:80 - create IPUIPlugin
2025-07-18 21:25:34,478 [INFO] PluginManager:220 - loadIPPluginJar : add opamp
2025-07-18 21:25:34,591 [INFO] IPUIPlugin:80 - create IPUIPlugin
2025-07-18 21:25:34,591 [INFO] PluginManager:220 - loadIPPluginJar : add openamp
2025-07-18 21:25:34,676 [INFO] IPUIPlugin:80 - create IPUIPlugin
2025-07-18 21:25:34,676 [INFO] PluginManager:220 - loadIPPluginJar : add pdm2pcm
2025-07-18 21:25:34,714 [INFO] IPUIPlugin:80 - create IPUIPlugin
2025-07-18 21:25:34,722 [INFO] PluginManager:220 - loadIPPluginJar : add plateformsettings
2025-07-18 21:25:34,788 [INFO] IPUIPlugin:80 - create IPUIPlugin
2025-07-18 21:25:34,788 [INFO] PluginManager:220 - loadIPPluginJar : add quadspi
2025-07-18 21:25:34,885 [INFO] IPUIPlugin:80 - create IPUIPlugin
2025-07-18 21:25:34,888 [INFO] PluginManager:220 - loadIPPluginJar : add radio
2025-07-18 21:25:34,938 [INFO] IPUIPlugin:80 - create IPUIPlugin
2025-07-18 21:25:34,939 [INFO] PluginManager:220 - loadIPPluginJar : add resmgrutility
2025-07-18 21:25:35,068 [INFO] IPUIPlugin:80 - create IPUIPlugin
2025-07-18 21:25:35,069 [INFO] PluginManager:220 - loadIPPluginJar : add sai
2025-07-18 21:25:35,155 [INFO] IPUIPlugin:80 - create IPUIPlugin
2025-07-18 21:25:35,156 [INFO] PluginManager:220 - loadIPPluginJar : add spi
2025-07-18 21:25:35,286 [INFO] IPUIPlugin:80 - create IPUIPlugin
2025-07-18 21:25:35,286 [INFO] PluginManager:220 - loadIPPluginJar : add stm32_wpan
2025-07-18 21:25:35,332 [INFO] IPUIPlugin:80 - create IPUIPlugin
2025-07-18 21:25:35,333 [INFO] PluginManager:220 - loadIPPluginJar : add tim
2025-07-18 21:25:35,439 [INFO] IPUIPlugin:80 - create IPUIPlugin
2025-07-18 21:25:35,440 [INFO] PluginManager:220 - loadIPPluginJar : add touchsensing
2025-07-18 21:25:35,483 [INFO] IPUIPlugin:80 - create IPUIPlugin
2025-07-18 21:25:35,483 [INFO] PluginManager:220 - loadIPPluginJar : add tracer_emb
2025-07-18 21:25:35,529 [INFO] IPUIPlugin:80 - create IPUIPlugin
2025-07-18 21:25:35,530 [INFO] PluginManager:220 - loadIPPluginJar : add ts
2025-07-18 21:25:35,576 [INFO] IPUIPlugin:80 - create IPUIPlugin
2025-07-18 21:25:35,576 [INFO] PluginManager:220 - loadIPPluginJar : add tsc
2025-07-18 21:25:35,635 [INFO] IPUIPlugin:80 - create IPUIPlugin
2025-07-18 21:25:35,636 [INFO] PluginManager:220 - loadIPPluginJar : add ucpd
2025-07-18 21:25:35,724 [INFO] IPUIPlugin:80 - create IPUIPlugin
2025-07-18 21:25:35,724 [INFO] PluginManager:220 - loadIPPluginJar : add usart
2025-07-18 21:25:35,814 [INFO] IPUIPlugin:80 - create IPUIPlugin
2025-07-18 21:25:35,814 [INFO] PluginManager:220 - loadIPPluginJar : add usbx
2025-07-18 21:25:35,966 [INFO] CADModel:165 - CPN selected for project level
2025-07-18 21:25:35,966 [INFO] CADModel:114 - Register for checkConnection events
2025-07-18 21:25:35,966 [FATAL] Updater:334 - Updater called before beeing initialized
2025-07-18 21:25:35,966 [ERROR] CADModel:125 - Updater not yet initialized, retry later 
2025-07-18 21:25:36,202 [INFO] CADModel:165 - CPN selected for project level
2025-07-18 21:25:36,202 [INFO] CADModel:114 - Register for checkConnection events
2025-07-18 21:25:36,202 [FATAL] Updater:334 - Updater called before beeing initialized
2025-07-18 21:25:36,202 [ERROR] CADModel:125 - Updater not yet initialized, retry later 
2025-07-18 21:25:36,207 [FATAL] Updater:334 - Updater called before beeing initialized
2025-07-18 21:25:36,506 [FATAL] Updater:334 - Updater called before beeing initialized
2025-07-18 21:25:36,528 [INFO] DbMcusAds:53 - JSON generation date=Thu Jun 19 15:32:37 ICT 2025 (1750321957418)
2025-07-18 21:25:36,528 [FATAL] Updater:334 - Updater called before beeing initialized
2025-07-18 21:25:36,590 [WARN] DetailPanel:346 - Failed to get advertising image, set to default
2025-07-18 21:25:36,689 [FATAL] Updater:334 - Updater called before beeing initialized
2025-07-18 21:25:36,694 [FATAL] Updater:334 - Updater called before beeing initialized
2025-07-18 21:25:36,694 [FATAL] Updater:334 - Updater called before beeing initialized
2025-07-18 21:25:36,694 [WARN] DetailPanel:346 - Failed to get advertising image, set to default
2025-07-18 21:25:36,696 [FATAL] Updater:334 - Updater called before beeing initialized
2025-07-18 21:25:36,826 [ERROR] Updater:1164 - MainUpdater not yet initialized. External WinMGr cannot be set.
2025-07-18 21:25:36,843 [INFO] Updater:1100 - Updater Version found : 6.12.0
2025-07-18 21:25:36,874 [INFO] ApplicationProperties:184 - Using Application install path: C:\ST\STM32CubeIDE_1.16.0\STM32CubeIDE\plugins\com.st.stm32cube.common.mx_6.12.0.202406281431
2025-07-18 21:25:37,179 [INFO] ThirdPartyUpdaterWithRetryManager:70 - Updater plugin not ready yet. [3/15]
2025-07-18 21:25:38,476 [ERROR] LogOutputStream:75 - [STDERR_REDIRECT] Jul 18, 2025 9:25:38 PM java.util.prefs.WindowsPreferences <init>
2025-07-18 21:25:38,478 [ERROR] LogOutputStream:75 - [STDERR_REDIRECT] WARNING: Could not open/create prefs root node Software\JavaSoft\Prefs at root 0xffffffff80000002. Windows RegCreateKeyEx(...) returned error code 5.
2025-07-18 21:25:38,478 [ERROR] LogOutputStream:75 - [STDERR_REDIRECT] 
2025-07-18 21:25:39,574 [INFO] MainUpdater:2873 - connection check result : 10
2025-07-18 21:25:39,574 [INFO] MainUpdater:3567 - Updater definition file requires update
2025-07-18 21:25:39,576 [INFO] MainUpdater:290 - Updater Check For Update Now.
2025-07-18 21:25:39,576 [INFO] MicroXplorer:498 - Change Database Version : DB.6.0.120
2025-07-18 21:25:39,608 [INFO] McuFinderGlobals:63 - Set McuFinder mode to 2 (CubeIDE integrated)
2025-07-18 21:25:39,618 [INFO] UserAuth:417 - Internet connection configuration mode: 1
2025-07-18 21:25:39,659 [INFO] JxBrowserEngine:152 - Initiate JxBrowser Engine with user profile folder
2025-07-18 21:25:39,967 [INFO] ServerAccessManage:473 - Download File updaters.zip
2025-07-18 21:25:40,180 [WARN] MainUpdater:1194 - Updater busy. Cannot search thirdparties
2025-07-18 21:25:40,180 [INFO] ThirdPartyUpdaterWithRetryManager:96 - Updater plugin is busy. [1/15]
2025-07-18 21:25:40,242 [INFO] FileExtend:240 - Unzip File : updaters.zip
2025-07-18 21:25:40,243 [INFO] FileExtend:255 - Standard Zip Deflate
2025-07-18 21:25:43,189 [WARN] MainUpdater:1194 - Updater busy. Cannot search thirdparties
2025-07-18 21:25:43,190 [INFO] ThirdPartyUpdaterWithRetryManager:96 - Updater plugin is busy. [2/15]
2025-07-18 21:25:43,912 [INFO] ServerAccessManage:473 - Download File PacksControlFlags.xml
2025-07-18 21:25:44,203 [INFO] ServerAccessManage:473 - Download File cubemx.pidx
2025-07-18 21:25:45,692 [INFO] ServerAccessManage:473 - Download File STMicroelectronics.X-CUBE-BLEMGR.pdsc
2025-07-18 21:25:46,193 [WARN] MainUpdater:1194 - Updater busy. Cannot search thirdparties
2025-07-18 21:25:46,193 [INFO] ThirdPartyUpdaterWithRetryManager:96 - Updater plugin is busy. [3/15]
2025-07-18 21:25:47,525 [ERROR] ServerAccessManage:1089 - Problem, file not found on Server
2025-07-18 21:25:48,260 [INFO] WebApp:167 - Instantiating new browser for Auth
2025-07-18 21:25:49,092 [INFO] ServerAccessManage:473 - Download File STMicroelectronics.X-CUBE-EEPRMA1.pdsc
2025-07-18 21:25:49,194 [WARN] MainUpdater:1194 - Updater busy. Cannot search thirdparties
2025-07-18 21:25:49,195 [INFO] ThirdPartyUpdaterWithRetryManager:96 - Updater plugin is busy. [4/15]
2025-07-18 21:25:50,391 [INFO] WebApp:448 - Apply proxy settings
2025-07-18 21:25:50,392 [INFO] WebApp:533 - Chromium requires no authentication
2025-07-18 21:25:50,431 [INFO] WebApp:476 - Direct internet connection detected
2025-07-18 21:25:50,509 [INFO] WebApp:869 - Register for checkConnection events
2025-07-18 21:25:50,510 [INFO] WebApp:448 - Apply proxy settings
2025-07-18 21:25:50,510 [INFO] WebApp:533 - Chromium requires no authentication
2025-07-18 21:25:50,512 [INFO] WebApp:476 - Direct internet connection detected
2025-07-18 21:25:50,593 [ERROR] ServerAccessManage:1089 - Problem, file not found on Server
2025-07-18 21:25:50,817 [INFO] WebApp:186 - Connection restablished
2025-07-18 21:25:51,245 [INFO] WebApp:220 - Starting web application
2025-07-18 21:25:51,246 [INFO] WebApp:578 - Web application path used C:\ST\STM32CubeIDE_1.16.0\STM32CubeIDE\plugins\com.st.stm32cube.common.mx_6.12.0.202406281431\db\plugins\mcufinder\reactClient1\index.html
2025-07-18 21:25:51,762 [INFO] UserAuth:417 - Internet connection configuration mode: 1
2025-07-18 21:25:51,968 [ERROR] ServerAccessManage:1089 - Problem, file not found on Server
2025-07-18 21:25:52,197 [WARN] MainUpdater:1194 - Updater busy. Cannot search thirdparties
2025-07-18 21:25:52,198 [INFO] ThirdPartyUpdaterWithRetryManager:96 - Updater plugin is busy. [5/15]
2025-07-18 21:25:52,901 [INFO] ServerAccessManage:473 - Download File STMicroelectronics.X-CUBE-FREERTOS.pdsc
2025-07-18 21:25:54,914 [INFO] ServerAccessManage:473 - Download File STMicroelectronics.X-CUBE-NFC12.pdsc
2025-07-18 21:25:55,200 [WARN] MainUpdater:1194 - Updater busy. Cannot search thirdparties
2025-07-18 21:25:55,200 [INFO] ThirdPartyUpdaterWithRetryManager:96 - Updater plugin is busy. [6/15]
2025-07-18 21:25:56,050 [INFO] ServerAccessManage:473 - Download File STMicroelectronics.X-CUBE-AZRTOS-H7.pdsc
2025-07-18 21:25:58,203 [WARN] MainUpdater:1194 - Updater busy. Cannot search thirdparties
2025-07-18 21:25:58,203 [INFO] ThirdPartyUpdaterWithRetryManager:96 - Updater plugin is busy. [7/15]
2025-07-18 21:25:59,791 [WARN] PopulateThirdPartyThread:106 - Error when creating pack: C:/Users/dell/.stm32cubemx/thirdparties/pdsc/STMicroelectronics.X-CUBE-BLEMGR.pdsc
2025-07-18 21:25:59,903 [WARN] PackLoader:240 - Cannot read IP mode file for STMicroelectronics.X-CUBE-EEPRMA1.5.2.0
2025-07-18 21:25:59,968 [WARN] PackLoader:240 - Cannot read IP mode file for STMicroelectronics.X-CUBE-FREERTOS.1.3.1
2025-07-18 21:26:00,003 [WARN] PackLoader:240 - Cannot read IP mode file for STMicroelectronics.X-CUBE-NFC12.1.0.0
2025-07-18 21:26:00,078 [WARN] PackLoader:240 - Cannot read IP mode file for STMicroelectronics.X-CUBE-AZRTOS-H7.3.4.0
2025-07-18 21:26:00,093 [INFO] CheckServerUpdateThread:120 - End of CheckServer Thread
2025-07-18 21:26:00,095 [INFO] PopulateThirdPartyThread:66 - Ending populate Thread
2025-07-18 21:26:00,105 [INFO] ThirdParty:1030 - CMSIS Pack Vendor :STMicroelectronics X-CUBE-FREERTOS 1.3.1
2025-07-18 21:26:00,105 [INFO] ThirdParty:1030 - CMSIS Pack Vendor :STMicroelectronics X-CUBE-EEPRMA1 5.2.0
2025-07-18 21:26:00,106 [INFO] ThirdParty:1030 - CMSIS Pack Vendor :STMicroelectronics X-CUBE-AZRTOS-H7 3.4.0
2025-07-18 21:26:00,107 [INFO] ThirdParty:1030 - CMSIS Pack Vendor :STMicroelectronics X-CUBE-NFC12 1.0.0
2025-07-18 21:26:00,108 [INFO] LoadServerUpdatesThread:375 - End of LoadServerUpdate Thread
2025-07-18 21:26:01,902 [WARN] PackLoader:240 - Cannot read IP mode file for STMicroelectronics.FP-SNS-MOTENVWB1.1.4.0
2025-07-18 21:26:01,933 [WARN] PackLoader:240 - Cannot read IP mode file for STMicroelectronics.FP-ATR-ASTRA1.2.0.2
2025-07-18 21:26:01,987 [WARN] PackLoader:240 - Cannot read IP mode file for STMicroelectronics.FP-ATR-ASTRA1.2.0.1
2025-07-18 21:26:02,046 [WARN] PackLoader:240 - Cannot read IP mode file for STMicroelectronics.X-CUBE-SMBUS.2.1.0
2025-07-18 21:26:02,094 [WARN] PackLoader:240 - Cannot read IP mode file for STMicroelectronics.X-CUBE-WB05N.1.1.0
2025-07-18 21:26:02,156 [ERROR] Engine:466 - C:\Users\dell\.stm32cubemx\thirdparties\pdsc\STMicroelectronics.X-CUBE-ST60.1.0.0.pdsc: PDSC version is not supported
2025-07-18 21:26:02,212 [WARN] PackLoader:240 - Cannot read IP mode file for STMicroelectronics.X-CUBE-TOUCHGFX.4.23.0
2025-07-18 21:26:02,311 [WARN] PackLoader:240 - Cannot read IP mode file for STMicroelectronics.X-CUBE-AZRTOS-F7.1.1.0
2025-07-18 21:26:02,399 [WARN] PackLoader:240 - Cannot read IP mode file for STMicroelectronics.FP-SNS-MOTENV1.4.3.2
2025-07-18 21:26:02,575 [WARN] PackLoader:240 - Cannot read IP mode file for STMicroelectronics.X-CUBE-MEMS1.11.0.0
2025-07-18 21:26:02,882 [WARN] PackLoader:240 - Cannot read IP mode file for STMicroelectronics.FP-SNS-FLIGHT1.5.0.2
2025-07-18 21:26:02,915 [WARN] PackLoader:240 - Cannot read IP mode file for STMicroelectronics.X-CUBE-AZRTOS-H7.3.4.0
2025-07-18 21:26:02,959 [WARN] PackLoader:240 - Cannot read IP mode file for STMicroelectronics.X-CUBE-DISPLAY.3.0.0
2025-07-18 21:26:03,009 [WARN] PackLoader:240 - Cannot read IP mode file for STMicroelectronics.X-CUBE-BLE1.7.0.0
2025-07-18 21:26:03,051 [WARN] PackLoader:240 - Cannot read IP mode file for STMicroelectronics.X-CUBE-NFC10.1.0.0
2025-07-18 21:26:03,107 [WARN] PackLoader:240 - Cannot read IP mode file for STMicroelectronics.X-CUBE-BLEMGR.4.0.0
2025-07-18 21:26:03,139 [WARN] PackLoader:240 - Cannot read IP mode file for emotas.I-CUBE-CANOPEN.1.3.0
2025-07-18 21:26:03,166 [WARN] PackLoader:240 - Cannot read IP mode file for STMicroelectronics.X-CUBE-TOUCHGFX.4.22.1
2025-07-18 21:26:03,197 [WARN] PackLoader:240 - Cannot read IP mode file for STMicroelectronics.X-CUBE-BLEMGR.3.1.0
2025-07-18 21:26:03,227 [WARN] PackLoader:240 - Cannot read IP mode file for STMicroelectronics.X-CUBE-AI.10.0.0
2025-07-18 21:26:03,257 [WARN] PackLoader:240 - Cannot read IP mode file for STMicroelectronics.FP-SNS-SMARTAG2.1.2.0
2025-07-18 21:26:03,265 [ERROR] Engine:466 - C:\Users\dell\.stm32cubemx\thirdparties\pdsc\STMicroelectronics.FP-SNS-FLIGHT1.5.1.0.pdsc: PDSC version is not supported
2025-07-18 21:26:03,365 [WARN] PackLoader:240 - Cannot read IP mode file for STMicroelectronics.X-CUBE-MEMS1.11.1.0
2025-07-18 21:26:03,597 [INFO] LogOutputStream:77 - [STDOUT_REDIRECT] 1 : Invalid condition id : UX_CORESTACK_Condition cause : null
2025-07-18 21:26:03,599 [INFO] LogOutputStream:77 - [STDOUT_REDIRECT] 1 : Invalid condition id : UX_CORESTACK_Condition cause : null
2025-07-18 21:26:03,602 [INFO] LogOutputStream:77 - [STDOUT_REDIRECT] 1 : Invalid condition id : UX_CORESTACK_Condition cause : null
2025-07-18 21:26:03,603 [INFO] LogOutputStream:77 - [STDOUT_REDIRECT] 1 : Invalid condition id : UX_CORESTACK_Condition cause : null
2025-07-18 21:26:03,604 [INFO] LogOutputStream:77 - [STDOUT_REDIRECT] 1 : Invalid condition id : UX_CORESTACK_Condition cause : null
2025-07-18 21:26:03,612 [WARN] PackLoader:240 - Cannot read IP mode file for STMicroelectronics.X-CUBE-AZRTOS-WL.2.0.0
2025-07-18 21:26:03,643 [WARN] PackLoader:240 - Cannot read IP mode file for STMicroelectronics.FP-SNS-MOTENV1.5.0.0
2025-07-18 21:26:03,667 [WARN] PackLoader:240 - Cannot read IP mode file for wolfSSL.I-CUBE-wolfMQTT.1.19.0
2025-07-18 21:26:03,700 [WARN] PackLoader:240 - Cannot read IP mode file for WES.I-CUBE-Cesium.1.3.0
2025-07-18 21:26:03,736 [WARN] PackLoader:240 - Cannot read IP mode file for STMicroelectronics.X-CUBE-BLE2.3.3.0
2025-07-18 21:26:03,777 [WARN] PackLoader:240 - Cannot read IP mode file for STMicroelectronics.X-CUBE-NFC9.1.0.0
2025-07-18 21:26:03,823 [WARN] PackLoader:240 - Cannot read IP mode file for STMicroelectronics.X-CUBE-BLE1.7.1.0
2025-07-18 21:26:03,869 [WARN] PackLoader:240 - Cannot read IP mode file for STMicroelectronics.X-CUBE-TCPP.4.1.0
2025-07-18 21:26:03,882 [WARN] PackLoader:240 - Cannot read IP mode file for STMicroelectronics.X-CUBE-EEPRMA1.5.2.0
2025-07-18 21:26:03,921 [WARN] PackLoader:240 - Cannot read IP mode file for STMicroelectronics.X-CUBE-AI.10.1.0
2025-07-18 21:26:03,953 [WARN] PackLoader:240 - Cannot read IP mode file for STMicroelectronics.X-CUBE-ALGOBUILD.1.3.0
2025-07-18 21:26:04,046 [WARN] PackLoader:240 - Cannot read IP mode file for STMicroelectronics.X-CUBE-MEMS1.11.2.0
2025-07-18 21:26:04,311 [WARN] PackLoader:240 - Cannot read IP mode file for STMicroelectronics.X-CUBE-AZRTOS-G0.1.1.0
2025-07-18 21:26:04,361 [WARN] PackLoader:240 - Cannot read IP mode file for STMicroelectronics.X-CUBE-SAFEA1.1.2.2
2025-07-18 21:26:04,401 [WARN] PackLoader:240 - Cannot read IP mode file for STMicroelectronics.X-CUBE-NFC4.3.0.0
2025-07-18 21:26:04,444 [WARN] PackLoader:240 - Cannot read IP mode file for EmbeddedOffice.I-CUBE-FS-RTOS.1.0.1
2025-07-18 21:26:04,445 [ERROR] ConditionMgr:805 - Attr not supported : Dmpu
2025-07-18 21:26:04,446 [ERROR] ConditionMgr:805 - Attr not supported : Dmpu
2025-07-18 21:26:04,446 [ERROR] ConditionMgr:805 - Attr not supported : Dmpu
2025-07-18 21:26:04,446 [ERROR] ConditionMgr:805 - Attr not supported : Dmpu
2025-07-18 21:26:04,446 [ERROR] ConditionMgr:805 - Attr not supported : Dmpu
2025-07-18 21:26:04,446 [ERROR] ConditionMgr:805 - Attr not supported : Dmpu
2025-07-18 21:26:04,446 [ERROR] ConditionMgr:805 - Attr not supported : Dmpu
2025-07-18 21:26:04,446 [ERROR] ConditionMgr:805 - Attr not supported : Dmpu
2025-07-18 21:26:04,446 [ERROR] ConditionMgr:805 - Attr not supported : Dmpu
2025-07-18 21:26:04,446 [ERROR] ConditionMgr:805 - Attr not supported : Dmpu
2025-07-18 21:26:04,446 [ERROR] ConditionMgr:805 - Attr not supported : Dmpu
2025-07-18 21:26:04,447 [ERROR] ConditionMgr:805 - Attr not supported : Dmpu
2025-07-18 21:26:04,447 [ERROR] ConditionMgr:805 - Attr not supported : Dmpu
2025-07-18 21:26:04,447 [ERROR] ConditionMgr:805 - Attr not supported : Dmpu
2025-07-18 21:26:04,447 [ERROR] ConditionMgr:805 - Attr not supported : Dmpu
2025-07-18 21:26:04,447 [ERROR] ConditionMgr:805 - Attr not supported : Dmpu
2025-07-18 21:26:04,447 [ERROR] ConditionMgr:805 - Attr not supported : Dmpu
2025-07-18 21:26:04,447 [ERROR] ConditionMgr:805 - Attr not supported : Dmpu
2025-07-18 21:26:04,448 [ERROR] ConditionMgr:805 - Attr not supported : Dmpu
2025-07-18 21:26:04,448 [ERROR] ConditionMgr:805 - Attr not supported : Dmpu
2025-07-18 21:26:04,448 [ERROR] ConditionMgr:805 - Attr not supported : Dmpu
2025-07-18 21:26:04,448 [ERROR] ConditionMgr:805 - Attr not supported : Dmpu
2025-07-18 21:26:04,448 [ERROR] ConditionMgr:805 - Attr not supported : Dmpu
2025-07-18 21:26:04,448 [ERROR] ConditionMgr:805 - Attr not supported : Dmpu
2025-07-18 21:26:04,448 [ERROR] ConditionMgr:805 - Attr not supported : Dmpu
2025-07-18 21:26:04,449 [ERROR] ConditionMgr:805 - Attr not supported : Dmpu
2025-07-18 21:26:04,449 [ERROR] ConditionMgr:805 - Attr not supported : Dmpu
2025-07-18 21:26:04,450 [ERROR] ConditionMgr:805 - Attr not supported : Dmpu
2025-07-18 21:26:04,452 [ERROR] ConditionMgr:805 - Attr not supported : Dmpu
2025-07-18 21:26:04,454 [ERROR] ConditionMgr:805 - Attr not supported : Dmpu
2025-07-18 21:26:04,454 [ERROR] ConditionMgr:805 - Attr not supported : Dmpu
2025-07-18 21:26:04,455 [ERROR] ConditionMgr:805 - Attr not supported : Dmpu
2025-07-18 21:26:04,455 [ERROR] ConditionMgr:805 - Attr not supported : Dmpu
2025-07-18 21:26:04,455 [ERROR] ConditionMgr:805 - Attr not supported : Dmpu
2025-07-18 21:26:04,455 [ERROR] ConditionMgr:805 - Attr not supported : Dmpu
2025-07-18 21:26:04,456 [ERROR] ConditionMgr:805 - Attr not supported : Dmpu
2025-07-18 21:26:04,458 [ERROR] ConditionMgr:805 - Attr not supported : Dmpu
2025-07-18 21:26:04,459 [ERROR] ConditionMgr:805 - Attr not supported : Dmpu
2025-07-18 21:26:04,459 [ERROR] ConditionMgr:805 - Attr not supported : Dmpu
2025-07-18 21:26:04,459 [ERROR] ConditionMgr:805 - Attr not supported : Dmpu
2025-07-18 21:26:04,459 [ERROR] ConditionMgr:805 - Attr not supported : Dmpu
2025-07-18 21:26:04,460 [ERROR] ConditionMgr:805 - Attr not supported : Dmpu
2025-07-18 21:26:04,460 [ERROR] ConditionMgr:805 - Attr not supported : Dmpu
2025-07-18 21:26:04,460 [ERROR] ConditionMgr:805 - Attr not supported : Dmpu
2025-07-18 21:26:04,460 [ERROR] ConditionMgr:805 - Attr not supported : Dmpu
2025-07-18 21:26:04,460 [ERROR] ConditionMgr:805 - Attr not supported : Dmpu
2025-07-18 21:26:04,460 [ERROR] ConditionMgr:805 - Attr not supported : Dmpu
2025-07-18 21:26:04,460 [ERROR] ConditionMgr:805 - Attr not supported : Dmpu
2025-07-18 21:26:04,460 [ERROR] ConditionMgr:805 - Attr not supported : Dmpu
2025-07-18 21:26:04,461 [ERROR] ConditionMgr:805 - Attr not supported : Dmpu
2025-07-18 21:26:04,461 [ERROR] ConditionMgr:805 - Attr not supported : Dmpu
2025-07-18 21:26:04,461 [ERROR] ConditionMgr:805 - Attr not supported : Dmpu
2025-07-18 21:26:04,461 [ERROR] ConditionMgr:805 - Attr not supported : Dmpu
2025-07-18 21:26:04,461 [ERROR] ConditionMgr:805 - Attr not supported : Dmpu
2025-07-18 21:26:04,461 [ERROR] ConditionMgr:805 - Attr not supported : Dmpu
2025-07-18 21:26:04,461 [ERROR] ConditionMgr:805 - Attr not supported : Dmpu
2025-07-18 21:26:04,462 [ERROR] ConditionMgr:805 - Attr not supported : Dmpu
2025-07-18 21:26:04,462 [ERROR] ConditionMgr:805 - Attr not supported : Dmpu
2025-07-18 21:26:04,462 [ERROR] ConditionMgr:805 - Attr not supported : Dmpu
2025-07-18 21:26:04,462 [ERROR] ConditionMgr:805 - Attr not supported : Dmpu
2025-07-18 21:26:04,462 [ERROR] ConditionMgr:805 - Attr not supported : Dmpu
2025-07-18 21:26:04,463 [ERROR] ConditionMgr:805 - Attr not supported : Dmpu
2025-07-18 21:26:04,463 [ERROR] ConditionMgr:805 - Attr not supported : Dmpu
2025-07-18 21:26:04,463 [ERROR] ConditionMgr:805 - Attr not supported : Dmpu
2025-07-18 21:26:04,500 [WARN] PackLoader:240 - Cannot read IP mode file for STMicroelectronics.X-CUBE-WB05N.2.0.0
2025-07-18 21:26:04,545 [WARN] PackLoader:240 - Cannot read IP mode file for STMicroelectronics.X-CUBE-BLEMGR.3.0.0
2025-07-18 21:26:04,578 [ERROR] Engine:466 - C:\Users\dell\.stm32cubemx\thirdparties\pdsc\STMicroelectronics.X-CUBE-TCPP.4.2.0.pdsc: PDSC version is not supported
2025-07-18 21:26:04,610 [WARN] PackLoader:240 - Cannot read IP mode file for RealThread.X-CUBE-RT-Thread_Nano.4.1.1
2025-07-18 21:26:04,619 [WARN] PackLoader:240 - Cannot read IP mode file for STMicroelectronics.FP-ATR-SIGFOX1.3.2.0
2025-07-18 21:26:04,630 [WARN] ConditionMgr:438 - getConditionDescription Invalid condition id : Cortex-A Device cause : null
2025-07-18 21:26:04,698 [WARN] ConditionMgr:1039 - genDependencies : Invalid condition id : Cortex-A Device cause : null
2025-07-18 21:26:04,698 [WARN] ConditionMgr:1039 - genDependencies : Invalid condition id : Cortex-A Device cause : null
2025-07-18 21:26:04,698 [WARN] ConditionMgr:1039 - genDependencies : Invalid condition id : Cortex-A Device cause : null
2025-07-18 21:26:04,729 [WARN] PackLoader:240 - Cannot read IP mode file for STMicroelectronics.X-CUBE-EEPRMA1.5.1.0
2025-07-18 21:26:04,762 [ERROR] Engine:466 - C:\Users\dell\.stm32cubemx\thirdparties\pdsc\STMicroelectronics.X-CUBE-ST67W61.1.0.0.pdsc: PDSC version is not supported
2025-07-18 21:26:04,897 [WARN] PackLoader:240 - Cannot read IP mode file for SEGGER.I-CUBE-embOS.1.3.1
2025-07-18 21:26:05,030 [WARN] PackLoader:240 - Cannot read IP mode file for STMicroelectronics.X-CUBE-ALGOBUILD.1.4.0
2025-07-18 21:26:05,203 [WARN] PackLoader:240 - Cannot read IP mode file for STMicroelectronics.X-CUBE-MEMS1.11.3.0
2025-07-18 21:26:05,446 [WARN] PackLoader:240 - Cannot read IP mode file for STMicroelectronics.X-CUBE-AI.9.1.0
2025-07-18 21:26:05,476 [WARN] PackLoader:240 - Cannot read IP mode file for STMicroelectronics.X-CUBE-PM33A1.1.0.0
2025-07-18 21:26:05,516 [WARN] PackLoader:240 - Cannot read IP mode file for STMicroelectronics.X-CUBE-GNSS1.6.0.0
2025-07-18 21:26:05,570 [WARN] PackLoader:240 - Cannot read IP mode file for STMicroelectronics.X-CUBE-AZRTOS-F4.1.1.0
2025-07-18 21:26:05,612 [WARN] PackLoader:240 - Cannot read IP mode file for wolfSSL.I-CUBE-wolfSSL.5.6.3
2025-07-18 21:26:05,619 [ERROR] Engine:466 - C:\Users\dell\.stm32cubemx\thirdparties\pdsc\Avnet-IotConnect.X-CUBE-IoTC-DA16k-PMOD.1.0.0.pdsc: PDSC version is not supported
2025-07-18 21:26:05,655 [WARN] PackLoader:240 - Cannot read IP mode file for STMicroelectronics.X-CUBE-ISPU.2.1.0
2025-07-18 21:26:05,693 [WARN] PackLoader:240 - Cannot read IP mode file for STMicroelectronics.X-CUBE-FREERTOS.1.2.0
2025-07-18 21:26:05,700 [WARN] PackLoader:240 - Cannot read IP mode file for STMicroelectronics.X-CUBE-NFC12.1.0.0
2025-07-18 21:26:05,765 [WARN] PackLoader:240 - Cannot read IP mode file for STMicroelectronics.X-CUBE-AZRTOS-L5.2.0.0
2025-07-18 21:26:05,856 [WARN] PackLoader:240 - Cannot read IP mode file for STMicroelectronics.X-CUBE-MEMS1.9.6.0
2025-07-18 21:26:06,032 [WARN] PackLoader:240 - Cannot read IP mode file for STMicroelectronics.X-CUBE-EEPRMA1.4.2.0
2025-07-18 21:26:06,080 [WARN] PackLoader:240 - Cannot read IP mode file for STMicroelectronics.X-CUBE-NFC6.3.1.0
2025-07-18 21:26:06,119 [WARN] PackLoader:240 - Cannot read IP mode file for ITTIA_DB.I-CUBE-ITTIADB.8.8.0
2025-07-18 21:26:06,170 [WARN] PackLoader:240 - Cannot read IP mode file for STMicroelectronics.X-CUBE-BLEMGR.2.0.0
2025-07-18 21:26:06,215 [WARN] PackLoader:240 - Cannot read IP mode file for STMicroelectronics.X-CUBE-DPower.1.2.0
2025-07-18 21:26:06,256 [WARN] PackLoader:240 - Cannot read IP mode file for STMicroelectronics.X-CUBE-AI.9.0.0
2025-07-18 21:26:06,313 [WARN] ConditionMgr:438 - getConditionDescription Invalid condition id : UX DEVICE CLASS RTOS Condition cause : null
2025-07-18 21:26:06,314 [WARN] ConditionMgr:438 - getConditionDescription Invalid condition id : UX DEVICE CLASS RTOS Condition cause : null
2025-07-18 21:26:06,319 [WARN] PackLoader:240 - Cannot read IP mode file for STMicroelectronics.X-CUBE-AZRTOS-H7.3.1.0
2025-07-18 21:26:06,322 [WARN] ConditionMgr:1039 - genDependencies : Invalid condition id : UX DEVICE CLASS RTOS Condition cause : null
2025-07-18 21:26:06,322 [WARN] ConditionMgr:1039 - genDependencies : Invalid condition id : UX DEVICE CLASS RTOS Condition cause : null
2025-07-18 21:26:06,322 [WARN] ConditionMgr:1039 - genDependencies : Invalid condition id : UX DEVICE CLASS RTOS Condition cause : null
2025-07-18 21:26:06,322 [WARN] ConditionMgr:1039 - genDependencies : Invalid condition id : UX DEVICE CLASS RTOS Condition cause : null
2025-07-18 21:26:06,322 [WARN] ConditionMgr:1039 - genDependencies : Invalid condition id : UX DEVICE CLASS RTOS Condition cause : null
2025-07-18 21:26:06,338 [WARN] PackLoader:240 - Cannot read IP mode file for STMicroelectronics.X-CUBE-FREERTOS.1.3.1
2025-07-18 21:26:06,364 [WARN] PackLoader:240 - Cannot read IP mode file for STMicroelectronics.X-CUBE-FREERTOS.1.3.0
2025-07-18 21:26:06,399 [WARN] PackLoader:240 - Cannot read IP mode file for STMicroelectronics.X-CUBE-NFC7.1.0.1
2025-07-18 21:26:06,413 [WARN] PackLoader:240 - Cannot read IP mode file for wolfSSL.I-CUBE-wolfTPM.3.2.0
2025-07-18 21:26:06,443 [WARN] PackLoader:240 - Cannot read IP mode file for STMicroelectronics.X-CUBE-NFC6.3.0.0
2025-07-18 21:26:06,480 [WARN] PackLoader:240 - Cannot read IP mode file for STMicroelectronics.X-CUBE-EEPRMA1.4.1.0
2025-07-18 21:26:06,506 [ERROR] Engine:466 - C:\Users\dell\.stm32cubemx\thirdparties\pdsc\STMicroelectronics.FP-SNS-STAIOTCFT.1.0.0.pdsc: PDSC version is not supported
2025-07-18 21:26:06,537 [WARN] PackLoader:240 - Cannot read IP mode file for STMicroelectronics.X-CUBE-DPower.1.3.0
2025-07-18 21:26:06,563 [WARN] PackLoader:240 - Cannot read IP mode file for STMicroelectronics.X-CUBE-AI.8.1.0
2025-07-18 21:26:06,619 [WARN] ConditionMgr:438 - getConditionDescription Invalid condition id : LAN8742 Phy interface Condition cause : null
2025-07-18 21:26:06,620 [WARN] PackLoader:240 - Cannot read IP mode file for STMicroelectronics.X-CUBE-AZRTOS-L4.2.0.0
2025-07-18 21:26:06,622 [WARN] ConditionMgr:1039 - genDependencies : Invalid condition id : LAN8742 Phy interface Condition cause : null
2025-07-18 21:26:06,622 [WARN] ConditionMgr:1039 - genDependencies : Invalid condition id : LAN8742 Phy interface Condition cause : null
2025-07-18 21:26:06,623 [WARN] ConditionMgr:1039 - genDependencies : Invalid condition id : LAN8742 Phy interface Condition cause : null
2025-07-18 21:26:06,652 [WARN] PackLoader:240 - Cannot read IP mode file for STMicroelectronics.X-CUBE-SFXS2LP1.4.0.0
2025-07-18 21:26:06,680 [WARN] PackLoader:240 - Cannot read IP mode file for STMicroelectronics.X-CUBE-ISPU.1.1.0
2025-07-18 21:26:06,724 [WARN] PackLoader:240 - Cannot read IP mode file for STMicroelectronics.X-CUBE-AZRTOS-H7.3.3.0
2025-07-18 21:26:06,735 [ERROR] Engine:466 - C:\Users\dell\.stm32cubemx\thirdparties\pdsc\STMicroelectronics.X-CUBE-BLEMGR.4.1.0.pdsc: PDSC version is not supported
2025-07-18 21:26:06,766 [WARN] PackLoader:240 - Cannot read IP mode file for STMicroelectronics.X-CUBE-IPS.3.0.0
2025-07-18 21:26:06,813 [WARN] ConditionMgr:438 - getConditionDescription Invalid condition id : UX DEVICE CLASS RTOS Condition cause : null
2025-07-18 21:26:06,814 [WARN] ConditionMgr:438 - getConditionDescription Invalid condition id : UX DEVICE CLASS RTOS Condition cause : null
2025-07-18 21:26:06,817 [WARN] PackLoader:240 - Cannot read IP mode file for STMicroelectronics.X-CUBE-AZRTOS-WB.2.0.0
2025-07-18 21:26:06,818 [WARN] ConditionMgr:1039 - genDependencies : Invalid condition id : UX DEVICE CLASS RTOS Condition cause : null
2025-07-18 21:26:06,818 [WARN] ConditionMgr:1039 - genDependencies : Invalid condition id : UX DEVICE CLASS RTOS Condition cause : null
2025-07-18 21:26:06,819 [WARN] ConditionMgr:1039 - genDependencies : Invalid condition id : UX DEVICE CLASS RTOS Condition cause : null
2025-07-18 21:26:06,819 [WARN] ConditionMgr:1039 - genDependencies : Invalid condition id : UX DEVICE CLASS RTOS Condition cause : null
2025-07-18 21:26:06,819 [WARN] ConditionMgr:1039 - genDependencies : Invalid condition id : UX DEVICE CLASS RTOS Condition cause : null
2025-07-18 21:26:06,849 [WARN] PackLoader:240 - Cannot read IP mode file for STMicroelectronics.X-CUBE-GNSS1.7.0.0
2025-07-18 21:26:06,883 [WARN] PackLoader:240 - Cannot read IP mode file for STMicroelectronics.X-CUBE-GNSS1.7.0.1
2025-07-18 21:26:06,913 [WARN] PackLoader:240 - Cannot read IP mode file for STMicroelectronics.X-CUBE-TOUCHGFX.4.25.0
2025-07-18 21:26:06,945 [WARN] PackLoader:240 - Cannot read IP mode file for STMicroelectronics.FP-SNS-STBOX1.2.0.0
2025-07-18 21:26:06,979 [WARN] PackLoader:240 - Cannot read IP mode file for STMicroelectronics.X-CUBE-SUBG2.5.0.0
2025-07-18 21:26:07,049 [WARN] PackLoader:240 - Cannot read IP mode file for STMicroelectronics.X-CUBE-AZRTOS-H7RS.1.1.0
2025-07-18 21:26:07,084 [WARN] PackLoader:240 - Cannot read IP mode file for Cesanta.I-CUBE-Mongoose.7.13.0
2025-07-18 21:26:07,143 [WARN] PackLoader:240 - Cannot read IP mode file for STMicroelectronics.X-CUBE-TOF1.3.3.1
2025-07-18 21:26:07,229 [WARN] PackLoader:240 - Cannot read IP mode file for STMicroelectronics.X-CUBE-AZRTOS-G4.2.0.0
2025-07-18 21:26:07,304 [WARN] PackLoader:240 - Cannot read IP mode file for Infineon.AIROC-Wi-Fi-Bluetooth-STM32.1.5.1
2025-07-18 21:26:07,367 [WARN] PackLoader:240 - Cannot read IP mode file for STMicroelectronics.FP-SNS-MOTENVWB1.1.3.0
2025-07-18 21:26:07,430 [WARN] PackLoader:240 - Cannot read IP mode file for STMicroelectronics.X-CUBE-NFC7.2.0.0
2025-07-18 21:26:07,480 [WARN] PackLoader:240 - Cannot read IP mode file for STMicroelectronics.FP-SNS-MOTENVWB1.1.3.1
2025-07-18 21:26:07,516 [WARN] PackLoader:240 - Cannot read IP mode file for STMicroelectronics.X-CUBE-ISPU.2.0.0
2025-07-18 21:26:07,560 [ERROR] Engine:466 - C:\Users\dell\.stm32cubemx\thirdparties\pdsc\STMicroelectronics.X-CUBE-IPS.3.1.0.pdsc: PDSC version is not supported
2025-07-18 21:26:07,593 [WARN] PackLoader:240 - Cannot read IP mode file for STMicroelectronics.X-CUBE-ALS.1.0.2
2025-07-18 21:26:07,717 [WARN] PackLoader:240 - Cannot read IP mode file for STMicroelectronics.X-CUBE-MEMS1.10.0.0
2025-07-18 21:26:07,966 [WARN] PackLoader:240 - Cannot read IP mode file for STMicroelectronics.X-CUBE-FREERTOS.1.1.0
2025-07-18 21:26:08,016 [WARN] PackLoader:240 - Cannot read IP mode file for STMicroelectronics.X-CUBE-TOUCHGFX.4.24.0
2025-07-18 21:26:08,058 [WARN] PackLoader:240 - Cannot read IP mode file for STMicroelectronics.X-CUBE-TOUCHGFX.4.24.2
2025-07-18 21:26:08,100 [WARN] PackLoader:240 - Cannot read IP mode file for STMicroelectronics.X-CUBE-TOUCHGFX.4.24.1
2025-07-18 21:26:08,141 [WARN] PackLoader:240 - Cannot read IP mode file for portGmbH.I-Cube-SoM-uGOAL.1.1.0
2025-07-18 21:26:08,178 [WARN] PackLoader:240 - Cannot read IP mode file for STMicroelectronics.X-CUBE-ALS.1.0.1
2025-07-18 21:26:08,245 [WARN] PackLoader:240 - Cannot read IP mode file for STMicroelectronics.X-CUBE-AZRTOS-H7RS.1.0.0
2025-07-18 21:26:08,290 [WARN] PackLoader:240 - Cannot read IP mode file for STMicroelectronics.FP-ATR-ASTRA1.2.0.0
2025-07-18 21:26:08,345 [WARN] PackLoader:240 - Cannot read IP mode file for STMicroelectronics.X-CUBE-TOF1.3.4.2
2025-07-18 21:26:08,391 [ERROR] Engine:466 - C:\Users\dell\.stm32cubemx\thirdparties\pdsc\STMicroelectronics.X-CUBE-TOF1.3.4.3.pdsc: PDSC version is not supported
2025-07-18 21:26:08,434 [WARN] PackLoader:240 - Cannot read IP mode file for STMicroelectronics.X-CUBE-TOF1.3.4.0
2025-07-18 21:26:08,486 [WARN] PackLoader:240 - Cannot read IP mode file for STMicroelectronics.X-CUBE-TOF1.3.4.1
2025-07-18 21:26:08,561 [WARN] PackLoader:240 - Cannot read IP mode file for STMicroelectronics.X-CUBE-AZRTOS-H7.3.2.0
2025-07-18 21:26:08,580 [WARN] PackLoader:240 - Cannot read IP mode file for wolfSSL.I-CUBE-wolfSSH.1.4.17
2025-07-18 21:26:08,581 [INFO] ThirdParty:978 - Integrity check success = true
2025-07-18 21:26:08,581 [INFO] IntegrityCheckThread:100 - exiting critical section [integrity check]
2025-07-18 21:26:08,582 [INFO] IntegrityCheckThread:103 - End integrity checks thread
2025-07-18 22:33:19,595 [ERROR] LogOutputStream:75 - [STDERR_REDIRECT] 
2025-07-18 22:33:19,601 [ERROR] LogOutputStream:75 - [STDERR_REDIRECT] 
2025-07-18 22:46:03,131 [INFO] Activator:176 - 


2025-07-18 22:46:03,133 [INFO] Activator:177 - !SESSION log4j initialized
2025-07-18 22:46:15,644 [INFO] LogOutputStream:77 - [STDOUT_REDIRECT] 
2025-07-18 22:46:22,816 [INFO] ApplicationProperties:184 - Using Application install path: C:\ST\STM32CubeIDE_1.16.0\STM32CubeIDE\plugins\com.st.stm32cube.common.mx_6.12.0.202406281431
2025-07-18 22:46:22,848 [INFO] DbMcusXml:78 - Set database path to: C:\ST\STM32CubeIDE_1.16.0\STM32CubeIDE\plugins\com.st.stm32cube.common.mx_6.12.0.202406281431\\db\/mcu/
2025-07-18 22:46:22,849 [INFO] ApiDb:274 - Set plugin database path to: C:\ST\STM32CubeIDE_1.16.0\STM32CubeIDE\plugins\com.st.stm32cube.common.mx_6.12.0.202406281431\\db\/plugins/boardmanager/
2025-07-18 22:46:22,849 [WARN] ApiDb:259 - Overriding images path with different value:  => C:\ST\STM32CubeIDE_1.16.0\STM32CubeIDE\plugins\com.st.stm32cube.common.mx_6.12.0.202406281431\\db\/plugins/mcufinder/images/
2025-07-18 22:46:22,869 [INFO] ApiDb:250 - Set database path to: C:\Users\dell\.stmcufinder\plugins\mcufinder//mcu/
2025-07-18 22:46:22,871 [INFO] DbMcusAds:125 - Set database path to: C:\Users\dell\.stmcufinder\plugins\mcufinder//mcu/
2025-07-18 22:46:22,876 [INFO] CrossReferenceDbSqlite:203 - Set database path to: C:\Users\dell\.stmcufinder\plugins\mcufinder//mcu/cs/
2025-07-18 22:46:23,027 [INFO] RulesReader:64 - Compatibility file has been processed (297 Rules)
2025-07-18 22:46:23,139 [INFO] DbMcusXml:78 - Set database path to: C:\ST\STM32CubeIDE_1.16.0\STM32CubeIDE\plugins\com.st.stm32cube.common.mx_6.12.0.202406281431\\db\/mcu/
2025-07-18 22:46:23,139 [INFO] ApiDb:274 - Set plugin database path to: C:\ST\STM32CubeIDE_1.16.0\STM32CubeIDE\plugins\com.st.stm32cube.common.mx_6.12.0.202406281431\\db\/plugins/boardmanager/
2025-07-18 22:46:23,141 [INFO] ApiDb:261 - Set plugin images path to: C:\ST\STM32CubeIDE_1.16.0\STM32CubeIDE\plugins\com.st.stm32cube.common.mx_6.12.0.202406281431\\db\/plugins/mcufinder/images/
2025-07-18 22:46:23,141 [WARN] DbFile:41 - Overriding database path with different value: C:\Users\dell\.stmcufinder\plugins\mcufinder/ => C:\Users\dell\.stmcufinder\plugins\mcufinder
2025-07-18 22:46:23,141 [INFO] ApiDb:250 - Set database path to: C:\Users\dell\.stmcufinder\plugins\mcufinder//mcu/
2025-07-18 22:46:23,141 [WARN] DbFile:41 - Overriding database path with different value: C:\Users\dell\.stmcufinder\plugins\mcufinder/ => C:\Users\dell\.stmcufinder\plugins\mcufinder
2025-07-18 22:46:23,141 [INFO] DbMcusAds:125 - Set database path to: C:\Users\dell\.stmcufinder\plugins\mcufinder//mcu/
2025-07-18 22:46:23,141 [WARN] DbFile:41 - Overriding database path with different value: C:\Users\dell\.stmcufinder\plugins\mcufinder/ => C:\Users\dell\.stmcufinder\plugins\mcufinder
2025-07-18 22:46:23,142 [WARN] DbFile:41 - Overriding database path with different value: C:\Users\dell\.stmcufinder\plugins\mcufinder/ => C:\Users\dell\.stmcufinder\plugins\mcufinder
2025-07-18 22:46:23,142 [INFO] CrossReferenceDbSqlite:203 - Set database path to: C:\Users\dell\.stmcufinder\plugins\mcufinder//mcu/cs/
2025-07-18 22:46:23,263 [INFO] MainPanel:268 - HeapMemory: 268435456
2025-07-18 22:46:23,423 [INFO] DbMcusXml:78 - Set database path to: C:\ST\STM32CubeIDE_1.16.0\STM32CubeIDE\plugins\com.st.stm32cube.common.mx_6.12.0.202406281431\\db\/mcu/
2025-07-18 22:46:23,423 [INFO] ApiDb:274 - Set plugin database path to: C:\ST\STM32CubeIDE_1.16.0\STM32CubeIDE\plugins\com.st.stm32cube.common.mx_6.12.0.202406281431\\db\/plugins/boardmanager/
2025-07-18 22:46:23,424 [INFO] ApiDb:261 - Set plugin images path to: C:\ST\STM32CubeIDE_1.16.0\STM32CubeIDE\plugins\com.st.stm32cube.common.mx_6.12.0.202406281431\\db\/plugins/mcufinder/images/
2025-07-18 22:46:23,424 [WARN] DbFile:41 - Overriding database path with different value: C:\Users\dell\.stmcufinder\plugins\mcufinder/ => C:\Users\dell\.stmcufinder\plugins\mcufinder
2025-07-18 22:46:23,425 [INFO] ApiDb:250 - Set database path to: C:\Users\dell\.stmcufinder\plugins\mcufinder//mcu/
2025-07-18 22:46:23,425 [WARN] DbFile:41 - Overriding database path with different value: C:\Users\dell\.stmcufinder\plugins\mcufinder/ => C:\Users\dell\.stmcufinder\plugins\mcufinder
2025-07-18 22:46:23,425 [INFO] DbMcusAds:125 - Set database path to: C:\Users\dell\.stmcufinder\plugins\mcufinder//mcu/
2025-07-18 22:46:23,425 [WARN] DbFile:41 - Overriding database path with different value: C:\Users\dell\.stmcufinder\plugins\mcufinder/ => C:\Users\dell\.stmcufinder\plugins\mcufinder
2025-07-18 22:46:23,425 [WARN] DbFile:41 - Overriding database path with different value: C:\Users\dell\.stmcufinder\plugins\mcufinder/ => C:\Users\dell\.stmcufinder\plugins\mcufinder
2025-07-18 22:46:23,425 [INFO] CrossReferenceDbSqlite:203 - Set database path to: C:\Users\dell\.stmcufinder\plugins\mcufinder//mcu/cs/
2025-07-18 22:46:23,453 [INFO] ApplicationProperties:184 - Using Application install path: C:\ST\STM32CubeIDE_1.16.0\STM32CubeIDE\plugins\com.st.stm32cube.common.mx_6.12.0.202406281431
2025-07-18 22:46:23,454 [INFO] PluginManage:196 - Search for loadable plugins [exclusion list=, ]
2025-07-18 22:46:23,457 [INFO] PluginManage:310 - Check plugin analytics
2025-07-18 22:46:28,282 [INFO] AnalyticsPlugin:253 - Accepted Software Licenses: 
2025-07-18 22:46:28,282 [INFO] AnalyticsPlugin:255 - Accepted CMSIS Pack Licenses: 
2025-07-18 22:46:28,282 [INFO] AnalyticsPlugin:257 - Accepted Firmware Licenses: FW.F4.1.27.0,FW.F4.1.28.0
2025-07-18 22:46:28,286 [INFO] PluginManage:359 - Loaded plugin analytics (category:tool,tabindex:-1)
2025-07-18 22:46:28,286 [INFO] PluginManage:310 - Check plugin cadmodel
2025-07-18 22:46:28,313 [INFO] CADModel:105 - Init CAD model plugin
2025-07-18 22:46:28,313 [INFO] PluginManage:359 - Loaded plugin cadmodel (category:power,tabindex:5)
2025-07-18 22:46:28,314 [INFO] PluginManage:310 - Check plugin clock
2025-07-18 22:46:28,345 [INFO] PluginManage:359 - Loaded plugin clock (category:base,tabindex:2)
2025-07-18 22:46:28,345 [INFO] PluginManage:310 - Check plugin ddr
2025-07-18 22:46:28,348 [INFO] PluginManage:359 - Loaded plugin ddr (category:tool,tabindex:6)
2025-07-18 22:46:28,348 [INFO] PluginManage:310 - Check plugin filemanager
2025-07-18 22:46:28,525 [INFO] PluginManage:359 - Loaded plugin filemanager (category:base,tabindex:10)
2025-07-18 22:46:28,526 [INFO] PluginManage:310 - Check plugin ipmanager
2025-07-18 22:46:28,535 [INFO] PluginManage:359 - Loaded plugin ipmanager (category:base,tabindex:5)
2025-07-18 22:46:28,535 [INFO] PluginManage:310 - Check plugin lpbam
2025-07-18 22:46:28,560 [INFO] PluginManage:359 - Loaded plugin lpbam (category:base,tabindex:0)
2025-07-18 22:46:28,560 [INFO] PluginManage:310 - Check plugin memorymap
2025-07-18 22:46:28,590 [INFO] PluginManage:359 - Loaded plugin memorymap (category:base,tabindex:4)
2025-07-18 22:46:28,591 [INFO] PluginManage:310 - Check plugin pinoutandconfiguration
2025-07-18 22:46:28,614 [INFO] PluginManage:359 - Loaded plugin pinoutandconfiguration (category:base,tabindex:1)
2025-07-18 22:46:28,614 [INFO] PluginManage:310 - Check plugin pinoutconfig
2025-07-18 22:46:28,754 [WARN] SupportedApi:132 - Cannot load RTOS API schema: s4s-elt-must-match.1: The content of 'definitions' must match (annotation?, (simpleType | complexType)?, (unique | key | keyref)*)). A problem was found starting at: attribute.
2025-07-18 22:46:28,920 [INFO] PluginManage:359 - Loaded plugin pinoutconfig (category:base,tabindex:0)
2025-07-18 22:46:28,920 [INFO] PluginManage:310 - Check plugin power
2025-07-18 22:46:28,953 [INFO] PluginManage:359 - Loaded plugin power (category:power,tabindex:4)
2025-07-18 22:46:28,953 [INFO] PluginManage:310 - Check plugin projectmanager
2025-07-18 22:46:28,974 [INFO] PluginManage:359 - Loaded plugin projectmanager (category:projectmanager,tabindex:4)
2025-07-18 22:46:28,974 [INFO] PluginManage:310 - Check plugin rif
2025-07-18 22:46:29,003 [INFO] PluginManage:359 - Loaded plugin rif (category:base,tabindex:3)
2025-07-18 22:46:29,004 [INFO] PluginManage:310 - Check plugin thirdparty
2025-07-18 22:46:29,433 [INFO] PluginManage:359 - Loaded plugin thirdparty (category:base,tabindex:-1)
2025-07-18 22:46:29,433 [INFO] PluginManage:310 - Check plugin tools
2025-07-18 22:46:29,433 [WARN] IntegrityCheckThread:84 - waiting for thirdparty lock release [integrity check]
2025-07-18 22:46:29,434 [INFO] IntegrityCheckThread:86 - entering critical section [integrity check]
2025-07-18 22:46:29,434 [INFO] ThirdPartyUpdaterWithRetryManager:70 - Updater plugin not ready yet. [1/15]
2025-07-18 22:46:29,525 [INFO] PluginManage:359 - Loaded plugin tools (category:base,tabindex:7)
2025-07-18 22:46:29,526 [INFO] PluginManage:310 - Check plugin tutovideos
2025-07-18 22:46:29,807 [INFO] PluginManage:359 - Loaded plugin tutovideos (category:base,tabindex:-1)
2025-07-18 22:46:29,808 [INFO] PluginManage:310 - Check plugin updater
2025-07-18 22:46:29,844 [INFO] PluginManage:359 - Loaded plugin updater (category:base,tabindex:12)
2025-07-18 22:46:29,844 [INFO] PluginManage:310 - Check plugin userauth
2025-07-18 22:46:29,855 [INFO] UserAuth:113 - Init User Auth plugin
2025-07-18 22:46:29,855 [INFO] PluginManage:359 - Loaded plugin userauth (category:base,tabindex:14)
2025-07-18 22:46:29,855 [INFO] PluginManage:283 - PluginManage : Loaded plugins [18]
2025-07-18 22:46:30,230 [INFO] PinOutPanel:1561 - setPackage(No Configuration,No Configuration)
2025-07-18 22:46:30,347 [INFO] CADModel:165 - CPN selected for project level
2025-07-18 22:46:30,348 [INFO] CADModel:114 - Register for checkConnection events
2025-07-18 22:46:30,388 [INFO] IPUIPlugin:80 - create IPUIPlugin
2025-07-18 22:46:30,389 [INFO] PluginManager:220 - loadIPPluginJar : add adc
2025-07-18 22:46:30,448 [INFO] IPUIPlugin:80 - create IPUIPlugin
2025-07-18 22:46:30,448 [INFO] PluginManager:220 - loadIPPluginJar : add aes
2025-07-18 22:46:30,538 [INFO] IPUIPlugin:80 - create IPUIPlugin
2025-07-18 22:46:30,539 [INFO] PluginManager:220 - loadIPPluginJar : add can
2025-07-18 22:46:30,642 [INFO] IPUIPlugin:80 - create IPUIPlugin
2025-07-18 22:46:30,643 [INFO] PluginManager:220 - loadIPPluginJar : add comp
2025-07-18 22:46:30,717 [INFO] IPUIPlugin:80 - create IPUIPlugin
2025-07-18 22:46:30,717 [INFO] PluginManager:220 - loadIPPluginJar : add cryp
2025-07-18 22:46:30,742 [INFO] IPUIPlugin:80 - create IPUIPlugin
2025-07-18 22:46:30,742 [INFO] PluginManager:220 - loadIPPluginJar : add ddr_ctrl_phy
2025-07-18 22:46:30,823 [INFO] IPUIPlugin:80 - create IPUIPlugin
2025-07-18 22:46:30,823 [INFO] PluginManager:220 - loadIPPluginJar : add dfsdm
2025-07-18 22:46:30,861 [INFO] IPUIPlugin:80 - create IPUIPlugin
2025-07-18 22:46:30,862 [INFO] PluginManager:220 - loadIPPluginJar : add dma
2025-07-18 22:46:31,021 [INFO] IPUIPlugin:80 - create IPUIPlugin
2025-07-18 22:46:31,021 [INFO] PluginManager:220 - loadIPPluginJar : add dma3
2025-07-18 22:46:31,128 [INFO] IPUIPlugin:80 - create IPUIPlugin
2025-07-18 22:46:31,128 [INFO] PluginManager:220 - loadIPPluginJar : add extmemmanager
2025-07-18 22:46:31,170 [INFO] IPUIPlugin:80 - create IPUIPlugin
2025-07-18 22:46:31,170 [INFO] PluginManager:220 - loadIPPluginJar : add fatfs
2025-07-18 22:46:31,262 [INFO] IPUIPlugin:80 - create IPUIPlugin
2025-07-18 22:46:31,262 [INFO] PluginManager:220 - loadIPPluginJar : add fmc
2025-07-18 22:46:31,292 [INFO] IPUIPlugin:80 - create IPUIPlugin
2025-07-18 22:46:31,292 [INFO] PluginManager:220 - loadIPPluginJar : add freertos
2025-07-18 22:46:31,359 [INFO] IPUIPlugin:80 - create IPUIPlugin
2025-07-18 22:46:31,359 [INFO] PluginManager:220 - loadIPPluginJar : add genericplugin
2025-07-18 22:46:31,589 [INFO] IPUIPlugin:80 - create IPUIPlugin
2025-07-18 22:46:31,589 [INFO] PluginManager:220 - loadIPPluginJar : add gfxmmu
2025-07-18 22:46:31,835 [INFO] IPUIPlugin:80 - create IPUIPlugin
2025-07-18 22:46:31,835 [INFO] PluginManager:220 - loadIPPluginJar : add gic
2025-07-18 22:46:31,855 [INFO] IPUIPlugin:80 - create IPUIPlugin
2025-07-18 22:46:31,855 [INFO] PluginManager:220 - loadIPPluginJar : add gpio
2025-07-18 22:46:32,048 [INFO] IPUIPlugin:80 - create IPUIPlugin
2025-07-18 22:46:32,048 [INFO] PluginManager:220 - loadIPPluginJar : add gtzc
2025-07-18 22:46:32,120 [INFO] IPUIPlugin:80 - create IPUIPlugin
2025-07-18 22:46:32,121 [INFO] PluginManager:220 - loadIPPluginJar : add hash
2025-07-18 22:46:32,216 [INFO] IPUIPlugin:80 - create IPUIPlugin
2025-07-18 22:46:32,217 [INFO] PluginManager:220 - loadIPPluginJar : add i2c
2025-07-18 22:46:32,277 [INFO] IPUIPlugin:80 - create IPUIPlugin
2025-07-18 22:46:32,277 [INFO] PluginManager:220 - loadIPPluginJar : add i2s
2025-07-18 22:46:32,362 [INFO] IPUIPlugin:80 - create IPUIPlugin
2025-07-18 22:46:32,362 [INFO] PluginManager:220 - loadIPPluginJar : add i3c
2025-07-18 22:46:32,435 [INFO] ThirdPartyUpdaterWithRetryManager:70 - Updater plugin not ready yet. [2/15]
2025-07-18 22:46:32,544 [INFO] IPUIPlugin:80 - create IPUIPlugin
2025-07-18 22:46:32,545 [INFO] PluginManager:220 - loadIPPluginJar : add ipddr
2025-07-18 22:46:32,692 [INFO] IPUIPlugin:80 - create IPUIPlugin
2025-07-18 22:46:32,692 [INFO] PluginManager:220 - loadIPPluginJar : add linkedlist
2025-07-18 22:46:32,761 [INFO] IPUIPlugin:80 - create IPUIPlugin
2025-07-18 22:46:32,762 [INFO] PluginManager:220 - loadIPPluginJar : add lorawan
2025-07-18 22:46:32,861 [INFO] IPUIPlugin:80 - create IPUIPlugin
2025-07-18 22:46:32,862 [INFO] PluginManager:220 - loadIPPluginJar : add ltdc
2025-07-18 22:46:32,894 [INFO] IPUIPlugin:80 - create IPUIPlugin
2025-07-18 22:46:32,895 [INFO] PluginManager:220 - loadIPPluginJar : add mdma
2025-07-18 22:46:32,919 [INFO] IPUIPlugin:80 - create IPUIPlugin
2025-07-18 22:46:32,920 [INFO] PluginManager:220 - loadIPPluginJar : add nvic
2025-07-18 22:46:32,990 [INFO] IPUIPlugin:80 - create IPUIPlugin
2025-07-18 22:46:32,990 [INFO] PluginManager:220 - loadIPPluginJar : add opamp
2025-07-18 22:46:33,106 [INFO] IPUIPlugin:80 - create IPUIPlugin
2025-07-18 22:46:33,106 [INFO] PluginManager:220 - loadIPPluginJar : add openamp
2025-07-18 22:46:33,174 [INFO] IPUIPlugin:80 - create IPUIPlugin
2025-07-18 22:46:33,174 [INFO] PluginManager:220 - loadIPPluginJar : add pdm2pcm
2025-07-18 22:46:33,195 [INFO] IPUIPlugin:80 - create IPUIPlugin
2025-07-18 22:46:33,198 [INFO] PluginManager:220 - loadIPPluginJar : add plateformsettings
2025-07-18 22:46:33,234 [INFO] IPUIPlugin:80 - create IPUIPlugin
2025-07-18 22:46:33,234 [INFO] PluginManager:220 - loadIPPluginJar : add quadspi
2025-07-18 22:46:33,275 [INFO] IPUIPlugin:80 - create IPUIPlugin
2025-07-18 22:46:33,276 [INFO] PluginManager:220 - loadIPPluginJar : add radio
2025-07-18 22:46:33,295 [INFO] IPUIPlugin:80 - create IPUIPlugin
2025-07-18 22:46:33,295 [INFO] PluginManager:220 - loadIPPluginJar : add resmgrutility
2025-07-18 22:46:33,363 [INFO] IPUIPlugin:80 - create IPUIPlugin
2025-07-18 22:46:33,363 [INFO] PluginManager:220 - loadIPPluginJar : add sai
2025-07-18 22:46:33,425 [INFO] IPUIPlugin:80 - create IPUIPlugin
2025-07-18 22:46:33,425 [INFO] PluginManager:220 - loadIPPluginJar : add spi
2025-07-18 22:46:33,529 [INFO] IPUIPlugin:80 - create IPUIPlugin
2025-07-18 22:46:33,529 [INFO] PluginManager:220 - loadIPPluginJar : add stm32_wpan
2025-07-18 22:46:33,581 [INFO] IPUIPlugin:80 - create IPUIPlugin
2025-07-18 22:46:33,581 [INFO] PluginManager:220 - loadIPPluginJar : add tim
2025-07-18 22:46:33,699 [INFO] IPUIPlugin:80 - create IPUIPlugin
2025-07-18 22:46:33,699 [INFO] PluginManager:220 - loadIPPluginJar : add touchsensing
2025-07-18 22:46:33,735 [INFO] IPUIPlugin:80 - create IPUIPlugin
2025-07-18 22:46:33,735 [INFO] PluginManager:220 - loadIPPluginJar : add tracer_emb
2025-07-18 22:46:33,774 [INFO] IPUIPlugin:80 - create IPUIPlugin
2025-07-18 22:46:33,774 [INFO] PluginManager:220 - loadIPPluginJar : add ts
2025-07-18 22:46:33,810 [INFO] IPUIPlugin:80 - create IPUIPlugin
2025-07-18 22:46:33,811 [INFO] PluginManager:220 - loadIPPluginJar : add tsc
2025-07-18 22:46:33,846 [INFO] IPUIPlugin:80 - create IPUIPlugin
2025-07-18 22:46:33,846 [INFO] PluginManager:220 - loadIPPluginJar : add ucpd
2025-07-18 22:46:33,923 [INFO] IPUIPlugin:80 - create IPUIPlugin
2025-07-18 22:46:33,923 [INFO] PluginManager:220 - loadIPPluginJar : add usart
2025-07-18 22:46:34,003 [INFO] IPUIPlugin:80 - create IPUIPlugin
2025-07-18 22:46:34,003 [INFO] PluginManager:220 - loadIPPluginJar : add usbx
2025-07-18 22:46:34,148 [INFO] CADModel:165 - CPN selected for project level
2025-07-18 22:46:34,148 [INFO] CADModel:114 - Register for checkConnection events
2025-07-18 22:46:34,148 [FATAL] Updater:334 - Updater called before beeing initialized
2025-07-18 22:46:34,148 [ERROR] CADModel:125 - Updater not yet initialized, retry later 
2025-07-18 22:46:34,334 [INFO] CADModel:165 - CPN selected for project level
2025-07-18 22:46:34,334 [INFO] CADModel:114 - Register for checkConnection events
2025-07-18 22:46:34,334 [FATAL] Updater:334 - Updater called before beeing initialized
2025-07-18 22:46:34,334 [ERROR] CADModel:125 - Updater not yet initialized, retry later 
2025-07-18 22:46:34,339 [FATAL] Updater:334 - Updater called before beeing initialized
2025-07-18 22:46:34,489 [FATAL] Updater:334 - Updater called before beeing initialized
2025-07-18 22:46:34,504 [INFO] DbMcusAds:53 - JSON generation date=Thu Jun 19 15:32:37 ICT 2025 (1750321957418)
2025-07-18 22:46:34,504 [FATAL] Updater:334 - Updater called before beeing initialized
2025-07-18 22:46:34,549 [WARN] DetailPanel:346 - Failed to get advertising image, set to default
2025-07-18 22:46:34,637 [FATAL] Updater:334 - Updater called before beeing initialized
2025-07-18 22:46:34,640 [FATAL] Updater:334 - Updater called before beeing initialized
2025-07-18 22:46:34,640 [FATAL] Updater:334 - Updater called before beeing initialized
2025-07-18 22:46:34,640 [WARN] DetailPanel:346 - Failed to get advertising image, set to default
2025-07-18 22:46:34,641 [FATAL] Updater:334 - Updater called before beeing initialized
2025-07-18 22:46:34,752 [ERROR] Updater:1164 - MainUpdater not yet initialized. External WinMGr cannot be set.
2025-07-18 22:46:34,771 [INFO] Updater:1100 - Updater Version found : 6.12.0
2025-07-18 22:46:34,797 [INFO] ApplicationProperties:184 - Using Application install path: C:\ST\STM32CubeIDE_1.16.0\STM32CubeIDE\plugins\com.st.stm32cube.common.mx_6.12.0.202406281431
2025-07-18 22:46:35,437 [INFO] ThirdPartyUpdaterWithRetryManager:70 - Updater plugin not ready yet. [3/15]
2025-07-18 22:46:36,390 [ERROR] LogOutputStream:75 - [STDERR_REDIRECT] Jul 18, 2025 10:46:36 PM java.util.prefs.WindowsPreferences <init>
2025-07-18 22:46:36,392 [ERROR] LogOutputStream:75 - [STDERR_REDIRECT] WARNING: Could not open/create prefs root node Software\JavaSoft\Prefs at root 0xffffffff80000002. Windows RegCreateKeyEx(...) returned error code 5.
2025-07-18 22:46:36,392 [ERROR] LogOutputStream:75 - [STDERR_REDIRECT] 
2025-07-18 22:46:37,153 [INFO] MainUpdater:2873 - connection check result : 10
2025-07-18 22:46:37,155 [INFO] MainUpdater:290 - Updater Check For Update Now.
2025-07-18 22:46:37,156 [INFO] MicroXplorer:498 - Change Database Version : DB.6.0.120
2025-07-18 22:46:37,203 [INFO] McuFinderGlobals:63 - Set McuFinder mode to 2 (CubeIDE integrated)
2025-07-18 22:46:37,222 [INFO] UserAuth:417 - Internet connection configuration mode: 1
2025-07-18 22:46:37,277 [INFO] JxBrowserEngine:152 - Initiate JxBrowser Engine with user profile folder
2025-07-18 22:46:37,459 [INFO] CheckServerUpdateThread:120 - End of CheckServer Thread
2025-07-18 22:46:38,920 [WARN] PackLoader:240 - Cannot read IP mode file for STMicroelectronics.FP-SNS-MOTENVWB1.1.4.0
2025-07-18 22:46:38,945 [WARN] PackLoader:240 - Cannot read IP mode file for STMicroelectronics.FP-ATR-ASTRA1.2.0.2
2025-07-18 22:46:38,966 [WARN] PackLoader:240 - Cannot read IP mode file for STMicroelectronics.FP-ATR-ASTRA1.2.0.1
2025-07-18 22:46:38,994 [WARN] PackLoader:240 - Cannot read IP mode file for STMicroelectronics.X-CUBE-SMBUS.2.1.0
2025-07-18 22:46:39,021 [WARN] PackLoader:240 - Cannot read IP mode file for STMicroelectronics.X-CUBE-WB05N.1.1.0
2025-07-18 22:46:39,041 [ERROR] Engine:466 - C:\Users\dell\.stm32cubemx\thirdparties\pdsc\STMicroelectronics.X-CUBE-ST60.1.0.0.pdsc: PDSC version is not supported
2025-07-18 22:46:39,064 [WARN] PackLoader:240 - Cannot read IP mode file for STMicroelectronics.X-CUBE-TOUCHGFX.4.23.0
2025-07-18 22:46:39,141 [WARN] PackLoader:240 - Cannot read IP mode file for STMicroelectronics.X-CUBE-AZRTOS-F7.1.1.0
2025-07-18 22:46:39,173 [WARN] PackLoader:240 - Cannot read IP mode file for STMicroelectronics.FP-SNS-MOTENV1.4.3.2
2025-07-18 22:46:39,275 [WARN] PackLoader:240 - Cannot read IP mode file for STMicroelectronics.X-CUBE-MEMS1.11.0.0
2025-07-18 22:46:39,479 [WARN] PackLoader:240 - Cannot read IP mode file for STMicroelectronics.FP-SNS-FLIGHT1.5.0.2
2025-07-18 22:46:39,528 [WARN] PackLoader:240 - Cannot read IP mode file for STMicroelectronics.X-CUBE-AZRTOS-H7.3.4.0
2025-07-18 22:46:39,569 [WARN] PackLoader:240 - Cannot read IP mode file for STMicroelectronics.X-CUBE-DISPLAY.3.0.0
2025-07-18 22:46:39,612 [WARN] PackLoader:240 - Cannot read IP mode file for STMicroelectronics.X-CUBE-BLE1.7.0.0
2025-07-18 22:46:39,636 [WARN] PackLoader:240 - Cannot read IP mode file for STMicroelectronics.X-CUBE-NFC10.1.0.0
2025-07-18 22:46:39,664 [WARN] PackLoader:240 - Cannot read IP mode file for STMicroelectronics.X-CUBE-BLEMGR.4.0.0
2025-07-18 22:46:39,714 [WARN] PackLoader:240 - Cannot read IP mode file for emotas.I-CUBE-CANOPEN.1.3.0
2025-07-18 22:46:39,797 [WARN] PackLoader:240 - Cannot read IP mode file for STMicroelectronics.X-CUBE-TOUCHGFX.4.22.1
2025-07-18 22:46:39,857 [WARN] PackLoader:240 - Cannot read IP mode file for STMicroelectronics.X-CUBE-BLEMGR.3.1.0
2025-07-18 22:46:39,888 [WARN] PackLoader:240 - Cannot read IP mode file for STMicroelectronics.X-CUBE-AI.10.0.0
2025-07-18 22:46:39,913 [WARN] PackLoader:240 - Cannot read IP mode file for STMicroelectronics.FP-SNS-SMARTAG2.1.2.0
2025-07-18 22:46:39,931 [ERROR] Engine:466 - C:\Users\dell\.stm32cubemx\thirdparties\pdsc\STMicroelectronics.FP-SNS-FLIGHT1.5.1.0.pdsc: PDSC version is not supported
2025-07-18 22:46:40,019 [WARN] PackLoader:240 - Cannot read IP mode file for STMicroelectronics.X-CUBE-MEMS1.11.1.0
2025-07-18 22:46:40,381 [INFO] LogOutputStream:77 - [STDOUT_REDIRECT] 1 : Invalid condition id : UX_CORESTACK_Condition cause : null
2025-07-18 22:46:40,384 [INFO] LogOutputStream:77 - [STDOUT_REDIRECT] 1 : Invalid condition id : UX_CORESTACK_Condition cause : null
2025-07-18 22:46:40,388 [INFO] LogOutputStream:77 - [STDOUT_REDIRECT] 1 : Invalid condition id : UX_CORESTACK_Condition cause : null
2025-07-18 22:46:40,392 [INFO] LogOutputStream:77 - [STDOUT_REDIRECT] 1 : Invalid condition id : UX_CORESTACK_Condition cause : null
2025-07-18 22:46:40,396 [INFO] LogOutputStream:77 - [STDOUT_REDIRECT] 1 : Invalid condition id : UX_CORESTACK_Condition cause : null
2025-07-18 22:46:40,408 [WARN] PackLoader:240 - Cannot read IP mode file for STMicroelectronics.X-CUBE-AZRTOS-WL.2.0.0
2025-07-18 22:46:40,617 [WARN] PackLoader:240 - Cannot read IP mode file for STMicroelectronics.FP-SNS-MOTENV1.5.0.0
2025-07-18 22:46:40,771 [WARN] PackLoader:240 - Cannot read IP mode file for wolfSSL.I-CUBE-wolfMQTT.1.19.0
2025-07-18 22:46:40,881 [WARN] PackLoader:240 - Cannot read IP mode file for WES.I-CUBE-Cesium.1.3.0
2025-07-18 22:46:40,943 [WARN] PackLoader:240 - Cannot read IP mode file for STMicroelectronics.X-CUBE-BLE2.3.3.0
2025-07-18 22:46:41,003 [WARN] PackLoader:240 - Cannot read IP mode file for STMicroelectronics.X-CUBE-NFC9.1.0.0
2025-07-18 22:46:41,058 [WARN] PackLoader:240 - Cannot read IP mode file for STMicroelectronics.X-CUBE-BLE1.7.1.0
2025-07-18 22:46:41,123 [WARN] PackLoader:240 - Cannot read IP mode file for STMicroelectronics.X-CUBE-TCPP.4.1.0
2025-07-18 22:46:41,175 [WARN] PackLoader:240 - Cannot read IP mode file for STMicroelectronics.X-CUBE-EEPRMA1.5.2.0
2025-07-18 22:46:41,239 [WARN] PackLoader:240 - Cannot read IP mode file for STMicroelectronics.X-CUBE-AI.10.1.0
2025-07-18 22:46:41,309 [WARN] PackLoader:240 - Cannot read IP mode file for STMicroelectronics.X-CUBE-ALGOBUILD.1.3.0
2025-07-18 22:46:41,511 [WARN] PackLoader:240 - Cannot read IP mode file for STMicroelectronics.X-CUBE-MEMS1.11.2.0
2025-07-18 22:46:41,837 [WARN] PackLoader:240 - Cannot read IP mode file for STMicroelectronics.X-CUBE-AZRTOS-G0.1.1.0
2025-07-18 22:46:41,893 [WARN] PackLoader:240 - Cannot read IP mode file for STMicroelectronics.X-CUBE-SAFEA1.1.2.2
2025-07-18 22:46:41,949 [WARN] PackLoader:240 - Cannot read IP mode file for STMicroelectronics.X-CUBE-NFC4.3.0.0
2025-07-18 22:46:42,007 [WARN] PackLoader:240 - Cannot read IP mode file for EmbeddedOffice.I-CUBE-FS-RTOS.1.0.1
2025-07-18 22:46:42,007 [ERROR] ConditionMgr:805 - Attr not supported : Dmpu
2025-07-18 22:46:42,008 [ERROR] ConditionMgr:805 - Attr not supported : Dmpu
2025-07-18 22:46:42,010 [ERROR] ConditionMgr:805 - Attr not supported : Dmpu
2025-07-18 22:46:42,011 [ERROR] ConditionMgr:805 - Attr not supported : Dmpu
2025-07-18 22:46:42,012 [ERROR] ConditionMgr:805 - Attr not supported : Dmpu
2025-07-18 22:46:42,012 [ERROR] ConditionMgr:805 - Attr not supported : Dmpu
2025-07-18 22:46:42,013 [ERROR] ConditionMgr:805 - Attr not supported : Dmpu
2025-07-18 22:46:42,013 [ERROR] ConditionMgr:805 - Attr not supported : Dmpu
2025-07-18 22:46:42,013 [ERROR] ConditionMgr:805 - Attr not supported : Dmpu
2025-07-18 22:46:42,013 [ERROR] ConditionMgr:805 - Attr not supported : Dmpu
2025-07-18 22:46:42,013 [ERROR] ConditionMgr:805 - Attr not supported : Dmpu
2025-07-18 22:46:42,013 [ERROR] ConditionMgr:805 - Attr not supported : Dmpu
2025-07-18 22:46:42,014 [ERROR] ConditionMgr:805 - Attr not supported : Dmpu
2025-07-18 22:46:42,014 [ERROR] ConditionMgr:805 - Attr not supported : Dmpu
2025-07-18 22:46:42,014 [ERROR] ConditionMgr:805 - Attr not supported : Dmpu
2025-07-18 22:46:42,014 [ERROR] ConditionMgr:805 - Attr not supported : Dmpu
2025-07-18 22:46:42,014 [ERROR] ConditionMgr:805 - Attr not supported : Dmpu
2025-07-18 22:46:42,015 [ERROR] ConditionMgr:805 - Attr not supported : Dmpu
2025-07-18 22:46:42,015 [ERROR] ConditionMgr:805 - Attr not supported : Dmpu
2025-07-18 22:46:42,015 [ERROR] ConditionMgr:805 - Attr not supported : Dmpu
2025-07-18 22:46:42,015 [ERROR] ConditionMgr:805 - Attr not supported : Dmpu
2025-07-18 22:46:42,015 [ERROR] ConditionMgr:805 - Attr not supported : Dmpu
2025-07-18 22:46:42,015 [ERROR] ConditionMgr:805 - Attr not supported : Dmpu
2025-07-18 22:46:42,015 [ERROR] ConditionMgr:805 - Attr not supported : Dmpu
2025-07-18 22:46:42,015 [ERROR] ConditionMgr:805 - Attr not supported : Dmpu
2025-07-18 22:46:42,016 [ERROR] ConditionMgr:805 - Attr not supported : Dmpu
2025-07-18 22:46:42,016 [ERROR] ConditionMgr:805 - Attr not supported : Dmpu
2025-07-18 22:46:42,016 [ERROR] ConditionMgr:805 - Attr not supported : Dmpu
2025-07-18 22:46:42,016 [ERROR] ConditionMgr:805 - Attr not supported : Dmpu
2025-07-18 22:46:42,017 [ERROR] ConditionMgr:805 - Attr not supported : Dmpu
2025-07-18 22:46:42,017 [ERROR] ConditionMgr:805 - Attr not supported : Dmpu
2025-07-18 22:46:42,018 [ERROR] ConditionMgr:805 - Attr not supported : Dmpu
2025-07-18 22:46:42,018 [ERROR] ConditionMgr:805 - Attr not supported : Dmpu
2025-07-18 22:46:42,018 [ERROR] ConditionMgr:805 - Attr not supported : Dmpu
2025-07-18 22:46:42,018 [ERROR] ConditionMgr:805 - Attr not supported : Dmpu
2025-07-18 22:46:42,018 [ERROR] ConditionMgr:805 - Attr not supported : Dmpu
2025-07-18 22:46:42,019 [ERROR] ConditionMgr:805 - Attr not supported : Dmpu
2025-07-18 22:46:42,019 [ERROR] ConditionMgr:805 - Attr not supported : Dmpu
2025-07-18 22:46:42,020 [ERROR] ConditionMgr:805 - Attr not supported : Dmpu
2025-07-18 22:46:42,020 [ERROR] ConditionMgr:805 - Attr not supported : Dmpu
2025-07-18 22:46:42,020 [ERROR] ConditionMgr:805 - Attr not supported : Dmpu
2025-07-18 22:46:42,020 [ERROR] ConditionMgr:805 - Attr not supported : Dmpu
2025-07-18 22:46:42,020 [ERROR] ConditionMgr:805 - Attr not supported : Dmpu
2025-07-18 22:46:42,020 [ERROR] ConditionMgr:805 - Attr not supported : Dmpu
2025-07-18 22:46:42,021 [ERROR] ConditionMgr:805 - Attr not supported : Dmpu
2025-07-18 22:46:42,021 [ERROR] ConditionMgr:805 - Attr not supported : Dmpu
2025-07-18 22:46:42,021 [ERROR] ConditionMgr:805 - Attr not supported : Dmpu
2025-07-18 22:46:42,021 [ERROR] ConditionMgr:805 - Attr not supported : Dmpu
2025-07-18 22:46:42,021 [ERROR] ConditionMgr:805 - Attr not supported : Dmpu
2025-07-18 22:46:42,021 [ERROR] ConditionMgr:805 - Attr not supported : Dmpu
2025-07-18 22:46:42,021 [ERROR] ConditionMgr:805 - Attr not supported : Dmpu
2025-07-18 22:46:42,022 [ERROR] ConditionMgr:805 - Attr not supported : Dmpu
2025-07-18 22:46:42,022 [ERROR] ConditionMgr:805 - Attr not supported : Dmpu
2025-07-18 22:46:42,022 [ERROR] ConditionMgr:805 - Attr not supported : Dmpu
2025-07-18 22:46:42,022 [ERROR] ConditionMgr:805 - Attr not supported : Dmpu
2025-07-18 22:46:42,023 [ERROR] ConditionMgr:805 - Attr not supported : Dmpu
2025-07-18 22:46:42,023 [ERROR] ConditionMgr:805 - Attr not supported : Dmpu
2025-07-18 22:46:42,023 [ERROR] ConditionMgr:805 - Attr not supported : Dmpu
2025-07-18 22:46:42,023 [ERROR] ConditionMgr:805 - Attr not supported : Dmpu
2025-07-18 22:46:42,023 [ERROR] ConditionMgr:805 - Attr not supported : Dmpu
2025-07-18 22:46:42,023 [ERROR] ConditionMgr:805 - Attr not supported : Dmpu
2025-07-18 22:46:42,023 [ERROR] ConditionMgr:805 - Attr not supported : Dmpu
2025-07-18 22:46:42,023 [ERROR] ConditionMgr:805 - Attr not supported : Dmpu
2025-07-18 22:46:42,024 [ERROR] ConditionMgr:805 - Attr not supported : Dmpu
2025-07-18 22:46:42,073 [WARN] PackLoader:240 - Cannot read IP mode file for STMicroelectronics.X-CUBE-WB05N.2.0.0
2025-07-18 22:46:42,138 [WARN] PackLoader:240 - Cannot read IP mode file for STMicroelectronics.X-CUBE-BLEMGR.3.0.0
2025-07-18 22:46:42,183 [ERROR] Engine:466 - C:\Users\dell\.stm32cubemx\thirdparties\pdsc\STMicroelectronics.X-CUBE-TCPP.4.2.0.pdsc: PDSC version is not supported
2025-07-18 22:46:42,231 [WARN] PackLoader:240 - Cannot read IP mode file for RealThread.X-CUBE-RT-Thread_Nano.4.1.1
2025-07-18 22:46:42,274 [WARN] PackLoader:240 - Cannot read IP mode file for STMicroelectronics.FP-ATR-SIGFOX1.3.2.0
2025-07-18 22:46:42,319 [WARN] ConditionMgr:438 - getConditionDescription Invalid condition id : Cortex-A Device cause : null
2025-07-18 22:46:42,397 [WARN] ConditionMgr:1039 - genDependencies : Invalid condition id : Cortex-A Device cause : null
2025-07-18 22:46:42,397 [WARN] ConditionMgr:1039 - genDependencies : Invalid condition id : Cortex-A Device cause : null
2025-07-18 22:46:42,398 [WARN] ConditionMgr:1039 - genDependencies : Invalid condition id : Cortex-A Device cause : null
2025-07-18 22:46:42,437 [WARN] PackLoader:240 - Cannot read IP mode file for STMicroelectronics.X-CUBE-EEPRMA1.5.1.0
2025-07-18 22:46:42,473 [ERROR] Engine:466 - C:\Users\dell\.stm32cubemx\thirdparties\pdsc\STMicroelectronics.X-CUBE-ST67W61.1.0.0.pdsc: PDSC version is not supported
2025-07-18 22:46:42,650 [WARN] PackLoader:240 - Cannot read IP mode file for SEGGER.I-CUBE-embOS.1.3.1
2025-07-18 22:46:42,739 [WARN] PackLoader:240 - Cannot read IP mode file for STMicroelectronics.X-CUBE-ALGOBUILD.1.4.0
2025-07-18 22:46:42,857 [WARN] PackLoader:240 - Cannot read IP mode file for STMicroelectronics.X-CUBE-MEMS1.11.3.0
2025-07-18 22:46:43,124 [WARN] PackLoader:240 - Cannot read IP mode file for STMicroelectronics.X-CUBE-AI.9.1.0
2025-07-18 22:46:43,158 [WARN] PackLoader:240 - Cannot read IP mode file for STMicroelectronics.X-CUBE-PM33A1.1.0.0
2025-07-18 22:46:43,193 [WARN] PackLoader:240 - Cannot read IP mode file for STMicroelectronics.X-CUBE-GNSS1.6.0.0
2025-07-18 22:46:43,271 [WARN] PackLoader:240 - Cannot read IP mode file for STMicroelectronics.X-CUBE-AZRTOS-F4.1.1.0
2025-07-18 22:46:43,368 [WARN] PackLoader:240 - Cannot read IP mode file for wolfSSL.I-CUBE-wolfSSL.5.6.3
2025-07-18 22:46:43,401 [ERROR] Engine:466 - C:\Users\dell\.stm32cubemx\thirdparties\pdsc\Avnet-IotConnect.X-CUBE-IoTC-DA16k-PMOD.1.0.0.pdsc: PDSC version is not supported
2025-07-18 22:46:43,438 [WARN] PackLoader:240 - Cannot read IP mode file for STMicroelectronics.X-CUBE-ISPU.2.1.0
2025-07-18 22:46:43,507 [WARN] PackLoader:240 - Cannot read IP mode file for STMicroelectronics.X-CUBE-FREERTOS.1.2.0
2025-07-18 22:46:43,563 [WARN] PackLoader:240 - Cannot read IP mode file for STMicroelectronics.X-CUBE-NFC12.1.0.0
2025-07-18 22:46:43,718 [WARN] PackLoader:240 - Cannot read IP mode file for STMicroelectronics.X-CUBE-AZRTOS-L5.2.0.0
2025-07-18 22:46:43,848 [WARN] PackLoader:240 - Cannot read IP mode file for STMicroelectronics.X-CUBE-MEMS1.9.6.0
2025-07-18 22:46:44,159 [WARN] PackLoader:240 - Cannot read IP mode file for STMicroelectronics.X-CUBE-EEPRMA1.4.2.0
2025-07-18 22:46:44,210 [WARN] PackLoader:240 - Cannot read IP mode file for STMicroelectronics.X-CUBE-NFC6.3.1.0
2025-07-18 22:46:44,239 [WARN] PackLoader:240 - Cannot read IP mode file for ITTIA_DB.I-CUBE-ITTIADB.8.8.0
2025-07-18 22:46:44,275 [WARN] PackLoader:240 - Cannot read IP mode file for STMicroelectronics.X-CUBE-BLEMGR.2.0.0
2025-07-18 22:46:44,309 [WARN] PackLoader:240 - Cannot read IP mode file for STMicroelectronics.X-CUBE-DPower.1.2.0
2025-07-18 22:46:44,336 [WARN] PackLoader:240 - Cannot read IP mode file for STMicroelectronics.X-CUBE-AI.9.0.0
2025-07-18 22:46:44,379 [WARN] ConditionMgr:438 - getConditionDescription Invalid condition id : UX DEVICE CLASS RTOS Condition cause : null
2025-07-18 22:46:44,380 [WARN] ConditionMgr:438 - getConditionDescription Invalid condition id : UX DEVICE CLASS RTOS Condition cause : null
2025-07-18 22:46:44,386 [WARN] PackLoader:240 - Cannot read IP mode file for STMicroelectronics.X-CUBE-AZRTOS-H7.3.1.0
2025-07-18 22:46:44,388 [WARN] ConditionMgr:1039 - genDependencies : Invalid condition id : UX DEVICE CLASS RTOS Condition cause : null
2025-07-18 22:46:44,389 [WARN] ConditionMgr:1039 - genDependencies : Invalid condition id : UX DEVICE CLASS RTOS Condition cause : null
2025-07-18 22:46:44,390 [WARN] ConditionMgr:1039 - genDependencies : Invalid condition id : UX DEVICE CLASS RTOS Condition cause : null
2025-07-18 22:46:44,391 [WARN] ConditionMgr:1039 - genDependencies : Invalid condition id : UX DEVICE CLASS RTOS Condition cause : null
2025-07-18 22:46:44,392 [WARN] ConditionMgr:1039 - genDependencies : Invalid condition id : UX DEVICE CLASS RTOS Condition cause : null
2025-07-18 22:46:44,421 [WARN] PackLoader:240 - Cannot read IP mode file for STMicroelectronics.X-CUBE-FREERTOS.1.3.1
2025-07-18 22:46:44,443 [WARN] PackLoader:240 - Cannot read IP mode file for STMicroelectronics.X-CUBE-FREERTOS.1.3.0
2025-07-18 22:46:44,466 [WARN] PackLoader:240 - Cannot read IP mode file for STMicroelectronics.X-CUBE-NFC7.1.0.1
2025-07-18 22:46:44,488 [WARN] PackLoader:240 - Cannot read IP mode file for wolfSSL.I-CUBE-wolfTPM.3.2.0
2025-07-18 22:46:44,514 [WARN] PackLoader:240 - Cannot read IP mode file for STMicroelectronics.X-CUBE-NFC6.3.0.0
2025-07-18 22:46:44,540 [WARN] PackLoader:240 - Cannot read IP mode file for STMicroelectronics.X-CUBE-EEPRMA1.4.1.0
2025-07-18 22:46:44,599 [ERROR] Engine:466 - C:\Users\dell\.stm32cubemx\thirdparties\pdsc\STMicroelectronics.FP-SNS-STAIOTCFT.1.0.0.pdsc: PDSC version is not supported
2025-07-18 22:46:44,644 [WARN] PackLoader:240 - Cannot read IP mode file for STMicroelectronics.X-CUBE-DPower.1.3.0
2025-07-18 22:46:44,675 [WARN] PackLoader:240 - Cannot read IP mode file for STMicroelectronics.X-CUBE-AI.8.1.0
2025-07-18 22:46:44,750 [WARN] ConditionMgr:438 - getConditionDescription Invalid condition id : LAN8742 Phy interface Condition cause : null
2025-07-18 22:46:44,755 [WARN] PackLoader:240 - Cannot read IP mode file for STMicroelectronics.X-CUBE-AZRTOS-L4.2.0.0
2025-07-18 22:46:44,759 [WARN] ConditionMgr:1039 - genDependencies : Invalid condition id : LAN8742 Phy interface Condition cause : null
2025-07-18 22:46:44,759 [WARN] ConditionMgr:1039 - genDependencies : Invalid condition id : LAN8742 Phy interface Condition cause : null
2025-07-18 22:46:44,763 [WARN] ConditionMgr:1039 - genDependencies : Invalid condition id : LAN8742 Phy interface Condition cause : null
2025-07-18 22:46:44,841 [WARN] PackLoader:240 - Cannot read IP mode file for STMicroelectronics.X-CUBE-SFXS2LP1.4.0.0
2025-07-18 22:46:44,932 [WARN] PackLoader:240 - Cannot read IP mode file for STMicroelectronics.X-CUBE-ISPU.1.1.0
2025-07-18 22:46:44,996 [WARN] PackLoader:240 - Cannot read IP mode file for STMicroelectronics.X-CUBE-AZRTOS-H7.3.3.0
2025-07-18 22:46:45,031 [ERROR] Engine:466 - C:\Users\dell\.stm32cubemx\thirdparties\pdsc\STMicroelectronics.X-CUBE-BLEMGR.4.1.0.pdsc: PDSC version is not supported
2025-07-18 22:46:45,079 [WARN] PackLoader:240 - Cannot read IP mode file for STMicroelectronics.X-CUBE-IPS.3.0.0
2025-07-18 22:46:45,163 [WARN] ConditionMgr:438 - getConditionDescription Invalid condition id : UX DEVICE CLASS RTOS Condition cause : null
2025-07-18 22:46:45,165 [WARN] ConditionMgr:438 - getConditionDescription Invalid condition id : UX DEVICE CLASS RTOS Condition cause : null
2025-07-18 22:46:45,169 [WARN] PackLoader:240 - Cannot read IP mode file for STMicroelectronics.X-CUBE-AZRTOS-WB.2.0.0
2025-07-18 22:46:45,170 [WARN] ConditionMgr:1039 - genDependencies : Invalid condition id : UX DEVICE CLASS RTOS Condition cause : null
2025-07-18 22:46:45,170 [WARN] ConditionMgr:1039 - genDependencies : Invalid condition id : UX DEVICE CLASS RTOS Condition cause : null
2025-07-18 22:46:45,170 [WARN] ConditionMgr:1039 - genDependencies : Invalid condition id : UX DEVICE CLASS RTOS Condition cause : null
2025-07-18 22:46:45,171 [WARN] ConditionMgr:1039 - genDependencies : Invalid condition id : UX DEVICE CLASS RTOS Condition cause : null
2025-07-18 22:46:45,171 [WARN] ConditionMgr:1039 - genDependencies : Invalid condition id : UX DEVICE CLASS RTOS Condition cause : null
2025-07-18 22:46:45,211 [WARN] PackLoader:240 - Cannot read IP mode file for STMicroelectronics.X-CUBE-GNSS1.7.0.0
2025-07-18 22:46:45,258 [WARN] PackLoader:240 - Cannot read IP mode file for STMicroelectronics.X-CUBE-GNSS1.7.0.1
2025-07-18 22:46:45,299 [WARN] PackLoader:240 - Cannot read IP mode file for STMicroelectronics.X-CUBE-TOUCHGFX.4.25.0
2025-07-18 22:46:45,350 [WARN] PackLoader:240 - Cannot read IP mode file for STMicroelectronics.FP-SNS-STBOX1.2.0.0
2025-07-18 22:46:45,406 [WARN] PackLoader:240 - Cannot read IP mode file for STMicroelectronics.X-CUBE-SUBG2.5.0.0
2025-07-18 22:46:45,490 [WARN] PackLoader:240 - Cannot read IP mode file for STMicroelectronics.X-CUBE-AZRTOS-H7RS.1.1.0
2025-07-18 22:46:45,524 [WARN] PackLoader:240 - Cannot read IP mode file for Cesanta.I-CUBE-Mongoose.7.13.0
2025-07-18 22:46:45,582 [WARN] PackLoader:240 - Cannot read IP mode file for STMicroelectronics.X-CUBE-TOF1.3.3.1
2025-07-18 22:46:45,617 [INFO] WebApp:167 - Instantiating new browser for Auth
2025-07-18 22:46:45,746 [WARN] PackLoader:240 - Cannot read IP mode file for STMicroelectronics.X-CUBE-AZRTOS-G4.2.0.0
2025-07-18 22:46:45,890 [WARN] PackLoader:240 - Cannot read IP mode file for Infineon.AIROC-Wi-Fi-Bluetooth-STM32.1.5.1
2025-07-18 22:46:45,947 [WARN] PackLoader:240 - Cannot read IP mode file for STMicroelectronics.FP-SNS-MOTENVWB1.1.3.0
2025-07-18 22:46:45,986 [WARN] PackLoader:240 - Cannot read IP mode file for STMicroelectronics.X-CUBE-NFC7.2.0.0
2025-07-18 22:46:46,033 [WARN] PackLoader:240 - Cannot read IP mode file for STMicroelectronics.FP-SNS-MOTENVWB1.1.3.1
2025-07-18 22:46:46,063 [WARN] PackLoader:240 - Cannot read IP mode file for STMicroelectronics.X-CUBE-ISPU.2.0.0
2025-07-18 22:46:46,128 [ERROR] Engine:466 - C:\Users\dell\.stm32cubemx\thirdparties\pdsc\STMicroelectronics.X-CUBE-IPS.3.1.0.pdsc: PDSC version is not supported
2025-07-18 22:46:46,193 [WARN] PackLoader:240 - Cannot read IP mode file for STMicroelectronics.X-CUBE-ALS.1.0.2
2025-07-18 22:46:46,346 [WARN] PackLoader:240 - Cannot read IP mode file for STMicroelectronics.X-CUBE-MEMS1.10.0.0
2025-07-18 22:46:46,680 [WARN] PackLoader:240 - Cannot read IP mode file for STMicroelectronics.X-CUBE-FREERTOS.1.1.0
2025-07-18 22:46:46,749 [WARN] PackLoader:240 - Cannot read IP mode file for STMicroelectronics.X-CUBE-TOUCHGFX.4.24.0
2025-07-18 22:46:46,819 [WARN] PackLoader:240 - Cannot read IP mode file for STMicroelectronics.X-CUBE-TOUCHGFX.4.24.2
2025-07-18 22:46:46,896 [WARN] PackLoader:240 - Cannot read IP mode file for STMicroelectronics.X-CUBE-TOUCHGFX.4.24.1
2025-07-18 22:46:46,995 [WARN] PackLoader:240 - Cannot read IP mode file for portGmbH.I-Cube-SoM-uGOAL.1.1.0
2025-07-18 22:46:47,082 [WARN] PackLoader:240 - Cannot read IP mode file for STMicroelectronics.X-CUBE-ALS.1.0.1
2025-07-18 22:46:47,180 [WARN] PackLoader:240 - Cannot read IP mode file for STMicroelectronics.X-CUBE-AZRTOS-H7RS.1.0.0
2025-07-18 22:46:47,231 [WARN] PackLoader:240 - Cannot read IP mode file for STMicroelectronics.FP-ATR-ASTRA1.2.0.0
2025-07-18 22:46:47,296 [WARN] PackLoader:240 - Cannot read IP mode file for STMicroelectronics.X-CUBE-TOF1.3.4.2
2025-07-18 22:46:47,358 [ERROR] Engine:466 - C:\Users\dell\.stm32cubemx\thirdparties\pdsc\STMicroelectronics.X-CUBE-TOF1.3.4.3.pdsc: PDSC version is not supported
2025-07-18 22:46:47,409 [WARN] PackLoader:240 - Cannot read IP mode file for STMicroelectronics.X-CUBE-TOF1.3.4.0
2025-07-18 22:46:47,475 [WARN] PackLoader:240 - Cannot read IP mode file for STMicroelectronics.X-CUBE-TOF1.3.4.1
2025-07-18 22:46:47,548 [WARN] PackLoader:240 - Cannot read IP mode file for STMicroelectronics.X-CUBE-AZRTOS-H7.3.2.0
2025-07-18 22:46:47,617 [WARN] PackLoader:240 - Cannot read IP mode file for wolfSSL.I-CUBE-wolfSSH.1.4.17
2025-07-18 22:46:47,622 [INFO] ThirdParty:978 - Integrity check success = true
2025-07-18 22:46:47,624 [INFO] IntegrityCheckThread:100 - exiting critical section [integrity check]
2025-07-18 22:46:47,624 [INFO] IntegrityCheckThread:103 - End integrity checks thread
2025-07-18 22:46:49,377 [INFO] WebApp:448 - Apply proxy settings
2025-07-18 22:46:49,379 [INFO] WebApp:533 - Chromium requires no authentication
2025-07-18 22:46:49,417 [INFO] WebApp:476 - Direct internet connection detected
2025-07-18 22:46:49,512 [INFO] WebApp:869 - Register for checkConnection events
2025-07-18 22:46:49,513 [INFO] WebApp:448 - Apply proxy settings
2025-07-18 22:46:49,513 [INFO] WebApp:533 - Chromium requires no authentication
2025-07-18 22:46:49,514 [INFO] WebApp:476 - Direct internet connection detected
2025-07-18 22:46:49,769 [INFO] WebApp:186 - Connection restablished
2025-07-18 22:46:50,037 [INFO] WebApp:220 - Starting web application
2025-07-18 22:46:50,037 [INFO] WebApp:578 - Web application path used C:\ST\STM32CubeIDE_1.16.0\STM32CubeIDE\plugins\com.st.stm32cube.common.mx_6.12.0.202406281431\db\plugins\mcufinder\reactClient1\index.html
2025-07-18 22:46:50,604 [INFO] UserAuth:417 - Internet connection configuration mode: 1
2025-07-18 22:58:35,251 [INFO] LogOutputStream:77 - [STDOUT_REDIRECT] StartTraceHandler.execute(), success : Collect=true
2025-07-18 23:41:40,849 [INFO] WebApp:189 - Connection lost
2025-07-18 23:41:44,887 [INFO] WebApp:186 - Connection restablished
2025-07-18 23:41:46,922 [INFO] WebApp:189 - Connection lost
2025-07-18 23:41:47,211 [INFO] WebApp:186 - Connection restablished
2025-07-18 23:52:39,767 [INFO] WebApp:189 - Connection lost
2025-07-18 23:52:42,461 [INFO] WebApp:186 - Connection restablished
2025-07-18 23:52:43,174 [INFO] WebApp:189 - Connection lost
2025-07-18 23:52:43,369 [INFO] WebApp:186 - Connection restablished
2025-07-18 23:52:46,390 [INFO] WebApp:189 - Connection lost
2025-07-18 23:52:46,588 [INFO] WebApp:186 - Connection restablished
