2025-07-19 00:01:09,767 [ERROR] LogOutputStream:75 - [STDERR_REDIRECT] 
2025-07-19 07:28:44,264 [INFO] Activator:176 - 


2025-07-19 07:28:44,270 [INFO] Activator:177 - !SESSION log4j initialized
2025-07-19 07:28:56,662 [INFO] LogOutputStream:77 - [STDOUT_REDIRECT] 
2025-07-19 07:29:03,855 [INFO] ApplicationProperties:184 - Using Application install path: C:\ST\STM32CubeIDE_1.16.0\STM32CubeIDE\plugins\com.st.stm32cube.common.mx_6.12.0.202406281431
2025-07-19 07:29:03,883 [INFO] DbMcusXml:78 - Set database path to: C:\ST\STM32CubeIDE_1.16.0\STM32CubeIDE\plugins\com.st.stm32cube.common.mx_6.12.0.202406281431\\db\/mcu/
2025-07-19 07:29:03,883 [INFO] ApiDb:274 - Set plugin database path to: C:\ST\STM32CubeIDE_1.16.0\STM32CubeIDE\plugins\com.st.stm32cube.common.mx_6.12.0.202406281431\\db\/plugins/boardmanager/
2025-07-19 07:29:03,884 [WARN] ApiDb:259 - Overriding images path with different value:  => C:\ST\STM32CubeIDE_1.16.0\STM32CubeIDE\plugins\com.st.stm32cube.common.mx_6.12.0.202406281431\\db\/plugins/mcufinder/images/
2025-07-19 07:29:03,901 [INFO] ApiDb:250 - Set database path to: C:\Users\dell\.stmcufinder\plugins\mcufinder//mcu/
2025-07-19 07:29:03,902 [INFO] DbMcusAds:125 - Set database path to: C:\Users\dell\.stmcufinder\plugins\mcufinder//mcu/
2025-07-19 07:29:03,906 [INFO] CrossReferenceDbSqlite:203 - Set database path to: C:\Users\dell\.stmcufinder\plugins\mcufinder//mcu/cs/
2025-07-19 07:29:04,093 [INFO] RulesReader:64 - Compatibility file has been processed (297 Rules)
2025-07-19 07:29:04,360 [INFO] DbMcusXml:78 - Set database path to: C:\ST\STM32CubeIDE_1.16.0\STM32CubeIDE\plugins\com.st.stm32cube.common.mx_6.12.0.202406281431\\db\/mcu/
2025-07-19 07:29:04,360 [INFO] ApiDb:274 - Set plugin database path to: C:\ST\STM32CubeIDE_1.16.0\STM32CubeIDE\plugins\com.st.stm32cube.common.mx_6.12.0.202406281431\\db\/plugins/boardmanager/
2025-07-19 07:29:04,361 [INFO] ApiDb:261 - Set plugin images path to: C:\ST\STM32CubeIDE_1.16.0\STM32CubeIDE\plugins\com.st.stm32cube.common.mx_6.12.0.202406281431\\db\/plugins/mcufinder/images/
2025-07-19 07:29:04,361 [WARN] DbFile:41 - Overriding database path with different value: C:\Users\dell\.stmcufinder\plugins\mcufinder/ => C:\Users\dell\.stmcufinder\plugins\mcufinder
2025-07-19 07:29:04,362 [INFO] ApiDb:250 - Set database path to: C:\Users\dell\.stmcufinder\plugins\mcufinder//mcu/
2025-07-19 07:29:04,362 [WARN] DbFile:41 - Overriding database path with different value: C:\Users\dell\.stmcufinder\plugins\mcufinder/ => C:\Users\dell\.stmcufinder\plugins\mcufinder
2025-07-19 07:29:04,362 [INFO] DbMcusAds:125 - Set database path to: C:\Users\dell\.stmcufinder\plugins\mcufinder//mcu/
2025-07-19 07:29:04,362 [WARN] DbFile:41 - Overriding database path with different value: C:\Users\dell\.stmcufinder\plugins\mcufinder/ => C:\Users\dell\.stmcufinder\plugins\mcufinder
2025-07-19 07:29:04,362 [WARN] DbFile:41 - Overriding database path with different value: C:\Users\dell\.stmcufinder\plugins\mcufinder/ => C:\Users\dell\.stmcufinder\plugins\mcufinder
2025-07-19 07:29:04,363 [INFO] CrossReferenceDbSqlite:203 - Set database path to: C:\Users\dell\.stmcufinder\plugins\mcufinder//mcu/cs/
2025-07-19 07:29:04,648 [INFO] MainPanel:268 - HeapMemory: 268435456
2025-07-19 07:29:04,894 [INFO] DbMcusXml:78 - Set database path to: C:\ST\STM32CubeIDE_1.16.0\STM32CubeIDE\plugins\com.st.stm32cube.common.mx_6.12.0.202406281431\\db\/mcu/
2025-07-19 07:29:04,895 [INFO] ApiDb:274 - Set plugin database path to: C:\ST\STM32CubeIDE_1.16.0\STM32CubeIDE\plugins\com.st.stm32cube.common.mx_6.12.0.202406281431\\db\/plugins/boardmanager/
2025-07-19 07:29:04,895 [INFO] ApiDb:261 - Set plugin images path to: C:\ST\STM32CubeIDE_1.16.0\STM32CubeIDE\plugins\com.st.stm32cube.common.mx_6.12.0.202406281431\\db\/plugins/mcufinder/images/
2025-07-19 07:29:04,896 [WARN] DbFile:41 - Overriding database path with different value: C:\Users\dell\.stmcufinder\plugins\mcufinder/ => C:\Users\dell\.stmcufinder\plugins\mcufinder
2025-07-19 07:29:04,896 [INFO] ApiDb:250 - Set database path to: C:\Users\dell\.stmcufinder\plugins\mcufinder//mcu/
2025-07-19 07:29:04,896 [WARN] DbFile:41 - Overriding database path with different value: C:\Users\dell\.stmcufinder\plugins\mcufinder/ => C:\Users\dell\.stmcufinder\plugins\mcufinder
2025-07-19 07:29:04,896 [INFO] DbMcusAds:125 - Set database path to: C:\Users\dell\.stmcufinder\plugins\mcufinder//mcu/
2025-07-19 07:29:04,897 [WARN] DbFile:41 - Overriding database path with different value: C:\Users\dell\.stmcufinder\plugins\mcufinder/ => C:\Users\dell\.stmcufinder\plugins\mcufinder
2025-07-19 07:29:04,897 [WARN] DbFile:41 - Overriding database path with different value: C:\Users\dell\.stmcufinder\plugins\mcufinder/ => C:\Users\dell\.stmcufinder\plugins\mcufinder
2025-07-19 07:29:04,897 [INFO] CrossReferenceDbSqlite:203 - Set database path to: C:\Users\dell\.stmcufinder\plugins\mcufinder//mcu/cs/
2025-07-19 07:29:04,942 [INFO] ApplicationProperties:184 - Using Application install path: C:\ST\STM32CubeIDE_1.16.0\STM32CubeIDE\plugins\com.st.stm32cube.common.mx_6.12.0.202406281431
2025-07-19 07:29:04,948 [INFO] PluginManage:196 - Search for loadable plugins [exclusion list=, ]
2025-07-19 07:29:04,954 [INFO] PluginManage:310 - Check plugin analytics
2025-07-19 07:29:09,824 [INFO] AnalyticsPlugin:253 - Accepted Software Licenses: 
2025-07-19 07:29:09,824 [INFO] AnalyticsPlugin:255 - Accepted CMSIS Pack Licenses: 
2025-07-19 07:29:09,825 [INFO] AnalyticsPlugin:257 - Accepted Firmware Licenses: FW.F4.1.27.0,FW.F4.1.28.0
2025-07-19 07:29:09,831 [INFO] PluginManage:359 - Loaded plugin analytics (category:tool,tabindex:-1)
2025-07-19 07:29:09,832 [INFO] PluginManage:310 - Check plugin cadmodel
2025-07-19 07:29:09,872 [INFO] CADModel:105 - Init CAD model plugin
2025-07-19 07:29:09,872 [INFO] PluginManage:359 - Loaded plugin cadmodel (category:power,tabindex:5)
2025-07-19 07:29:09,872 [INFO] PluginManage:310 - Check plugin clock
2025-07-19 07:29:09,919 [INFO] PluginManage:359 - Loaded plugin clock (category:base,tabindex:2)
2025-07-19 07:29:09,919 [INFO] PluginManage:310 - Check plugin ddr
2025-07-19 07:29:09,926 [INFO] PluginManage:359 - Loaded plugin ddr (category:tool,tabindex:6)
2025-07-19 07:29:09,926 [INFO] PluginManage:310 - Check plugin filemanager
2025-07-19 07:29:10,219 [INFO] PluginManage:359 - Loaded plugin filemanager (category:base,tabindex:10)
2025-07-19 07:29:10,219 [INFO] PluginManage:310 - Check plugin ipmanager
2025-07-19 07:29:10,237 [INFO] PluginManage:359 - Loaded plugin ipmanager (category:base,tabindex:5)
2025-07-19 07:29:10,237 [INFO] PluginManage:310 - Check plugin lpbam
2025-07-19 07:29:10,277 [INFO] PluginManage:359 - Loaded plugin lpbam (category:base,tabindex:0)
2025-07-19 07:29:10,278 [INFO] PluginManage:310 - Check plugin memorymap
2025-07-19 07:29:10,311 [INFO] PluginManage:359 - Loaded plugin memorymap (category:base,tabindex:4)
2025-07-19 07:29:10,311 [INFO] PluginManage:310 - Check plugin pinoutandconfiguration
2025-07-19 07:29:10,340 [INFO] PluginManage:359 - Loaded plugin pinoutandconfiguration (category:base,tabindex:1)
2025-07-19 07:29:10,341 [INFO] PluginManage:310 - Check plugin pinoutconfig
2025-07-19 07:29:10,523 [WARN] SupportedApi:132 - Cannot load RTOS API schema: s4s-elt-must-match.1: The content of 'definitions' must match (annotation?, (simpleType | complexType)?, (unique | key | keyref)*)). A problem was found starting at: attribute.
2025-07-19 07:29:10,750 [INFO] PluginManage:359 - Loaded plugin pinoutconfig (category:base,tabindex:0)
2025-07-19 07:29:10,750 [INFO] PluginManage:310 - Check plugin power
2025-07-19 07:29:10,789 [INFO] PluginManage:359 - Loaded plugin power (category:power,tabindex:4)
2025-07-19 07:29:10,789 [INFO] PluginManage:310 - Check plugin projectmanager
2025-07-19 07:29:10,813 [INFO] PluginManage:359 - Loaded plugin projectmanager (category:projectmanager,tabindex:4)
2025-07-19 07:29:10,814 [INFO] PluginManage:310 - Check plugin rif
2025-07-19 07:29:10,842 [INFO] PluginManage:359 - Loaded plugin rif (category:base,tabindex:3)
2025-07-19 07:29:10,842 [INFO] PluginManage:310 - Check plugin thirdparty
2025-07-19 07:29:11,364 [INFO] PluginManage:359 - Loaded plugin thirdparty (category:base,tabindex:-1)
2025-07-19 07:29:11,364 [WARN] IntegrityCheckThread:84 - waiting for thirdparty lock release [integrity check]
2025-07-19 07:29:11,364 [INFO] IntegrityCheckThread:86 - entering critical section [integrity check]
2025-07-19 07:29:11,364 [INFO] PluginManage:310 - Check plugin tools
2025-07-19 07:29:11,365 [INFO] ThirdPartyUpdaterWithRetryManager:70 - Updater plugin not ready yet. [1/15]
2025-07-19 07:29:11,444 [INFO] PluginManage:359 - Loaded plugin tools (category:base,tabindex:7)
2025-07-19 07:29:11,445 [INFO] PluginManage:310 - Check plugin tutovideos
2025-07-19 07:29:11,800 [INFO] PluginManage:359 - Loaded plugin tutovideos (category:base,tabindex:-1)
2025-07-19 07:29:11,801 [INFO] PluginManage:310 - Check plugin updater
2025-07-19 07:29:11,831 [INFO] PluginManage:359 - Loaded plugin updater (category:base,tabindex:12)
2025-07-19 07:29:11,850 [INFO] PluginManage:310 - Check plugin userauth
2025-07-19 07:29:11,866 [INFO] UserAuth:113 - Init User Auth plugin
2025-07-19 07:29:11,867 [INFO] PluginManage:359 - Loaded plugin userauth (category:base,tabindex:14)
2025-07-19 07:29:11,867 [INFO] PluginManage:283 - PluginManage : Loaded plugins [18]
2025-07-19 07:29:12,285 [INFO] PinOutPanel:1561 - setPackage(No Configuration,No Configuration)
2025-07-19 07:29:12,418 [INFO] CADModel:165 - CPN selected for project level
2025-07-19 07:29:12,418 [INFO] CADModel:114 - Register for checkConnection events
2025-07-19 07:29:12,462 [INFO] IPUIPlugin:80 - create IPUIPlugin
2025-07-19 07:29:12,462 [INFO] PluginManager:220 - loadIPPluginJar : add adc
2025-07-19 07:29:12,537 [INFO] IPUIPlugin:80 - create IPUIPlugin
2025-07-19 07:29:12,538 [INFO] PluginManager:220 - loadIPPluginJar : add aes
2025-07-19 07:29:12,617 [INFO] IPUIPlugin:80 - create IPUIPlugin
2025-07-19 07:29:12,617 [INFO] PluginManager:220 - loadIPPluginJar : add can
2025-07-19 07:29:12,663 [INFO] IPUIPlugin:80 - create IPUIPlugin
2025-07-19 07:29:12,663 [INFO] PluginManager:220 - loadIPPluginJar : add comp
2025-07-19 07:29:12,726 [INFO] IPUIPlugin:80 - create IPUIPlugin
2025-07-19 07:29:12,726 [INFO] PluginManager:220 - loadIPPluginJar : add cryp
2025-07-19 07:29:12,753 [INFO] IPUIPlugin:80 - create IPUIPlugin
2025-07-19 07:29:12,754 [INFO] PluginManager:220 - loadIPPluginJar : add ddr_ctrl_phy
2025-07-19 07:29:12,822 [INFO] IPUIPlugin:80 - create IPUIPlugin
2025-07-19 07:29:12,822 [INFO] PluginManager:220 - loadIPPluginJar : add dfsdm
2025-07-19 07:29:12,853 [INFO] IPUIPlugin:80 - create IPUIPlugin
2025-07-19 07:29:12,854 [INFO] PluginManager:220 - loadIPPluginJar : add dma
2025-07-19 07:29:12,941 [INFO] IPUIPlugin:80 - create IPUIPlugin
2025-07-19 07:29:12,941 [INFO] PluginManager:220 - loadIPPluginJar : add dma3
2025-07-19 07:29:13,019 [INFO] IPUIPlugin:80 - create IPUIPlugin
2025-07-19 07:29:13,019 [INFO] PluginManager:220 - loadIPPluginJar : add extmemmanager
2025-07-19 07:29:13,066 [INFO] IPUIPlugin:80 - create IPUIPlugin
2025-07-19 07:29:13,067 [INFO] PluginManager:220 - loadIPPluginJar : add fatfs
2025-07-19 07:29:13,166 [INFO] IPUIPlugin:80 - create IPUIPlugin
2025-07-19 07:29:13,167 [INFO] PluginManager:220 - loadIPPluginJar : add fmc
2025-07-19 07:29:13,214 [INFO] IPUIPlugin:80 - create IPUIPlugin
2025-07-19 07:29:13,215 [INFO] PluginManager:220 - loadIPPluginJar : add freertos
2025-07-19 07:29:13,275 [INFO] IPUIPlugin:80 - create IPUIPlugin
2025-07-19 07:29:13,275 [INFO] PluginManager:220 - loadIPPluginJar : add genericplugin
2025-07-19 07:29:13,523 [INFO] IPUIPlugin:80 - create IPUIPlugin
2025-07-19 07:29:13,523 [INFO] PluginManager:220 - loadIPPluginJar : add gfxmmu
2025-07-19 07:29:13,929 [INFO] IPUIPlugin:80 - create IPUIPlugin
2025-07-19 07:29:13,930 [INFO] PluginManager:220 - loadIPPluginJar : add gic
2025-07-19 07:29:13,965 [INFO] IPUIPlugin:80 - create IPUIPlugin
2025-07-19 07:29:13,965 [INFO] PluginManager:220 - loadIPPluginJar : add gpio
2025-07-19 07:29:14,134 [INFO] IPUIPlugin:80 - create IPUIPlugin
2025-07-19 07:29:14,134 [INFO] PluginManager:220 - loadIPPluginJar : add gtzc
2025-07-19 07:29:14,193 [INFO] IPUIPlugin:80 - create IPUIPlugin
2025-07-19 07:29:14,194 [INFO] PluginManager:220 - loadIPPluginJar : add hash
2025-07-19 07:29:14,301 [INFO] IPUIPlugin:80 - create IPUIPlugin
2025-07-19 07:29:14,301 [INFO] PluginManager:220 - loadIPPluginJar : add i2c
2025-07-19 07:29:14,367 [INFO] ThirdPartyUpdaterWithRetryManager:70 - Updater plugin not ready yet. [2/15]
2025-07-19 07:29:14,388 [INFO] IPUIPlugin:80 - create IPUIPlugin
2025-07-19 07:29:14,389 [INFO] PluginManager:220 - loadIPPluginJar : add i2s
2025-07-19 07:29:14,464 [INFO] IPUIPlugin:80 - create IPUIPlugin
2025-07-19 07:29:14,465 [INFO] PluginManager:220 - loadIPPluginJar : add i3c
2025-07-19 07:29:14,667 [INFO] IPUIPlugin:80 - create IPUIPlugin
2025-07-19 07:29:14,667 [INFO] PluginManager:220 - loadIPPluginJar : add ipddr
2025-07-19 07:29:14,911 [INFO] IPUIPlugin:80 - create IPUIPlugin
2025-07-19 07:29:14,911 [INFO] PluginManager:220 - loadIPPluginJar : add linkedlist
2025-07-19 07:29:14,991 [INFO] IPUIPlugin:80 - create IPUIPlugin
2025-07-19 07:29:14,991 [INFO] PluginManager:220 - loadIPPluginJar : add lorawan
2025-07-19 07:29:15,060 [INFO] IPUIPlugin:80 - create IPUIPlugin
2025-07-19 07:29:15,061 [INFO] PluginManager:220 - loadIPPluginJar : add ltdc
2025-07-19 07:29:15,086 [INFO] IPUIPlugin:80 - create IPUIPlugin
2025-07-19 07:29:15,086 [INFO] PluginManager:220 - loadIPPluginJar : add mdma
2025-07-19 07:29:15,110 [INFO] IPUIPlugin:80 - create IPUIPlugin
2025-07-19 07:29:15,110 [INFO] PluginManager:220 - loadIPPluginJar : add nvic
2025-07-19 07:29:15,182 [INFO] IPUIPlugin:80 - create IPUIPlugin
2025-07-19 07:29:15,182 [INFO] PluginManager:220 - loadIPPluginJar : add opamp
2025-07-19 07:29:15,316 [INFO] IPUIPlugin:80 - create IPUIPlugin
2025-07-19 07:29:15,317 [INFO] PluginManager:220 - loadIPPluginJar : add openamp
2025-07-19 07:29:15,418 [INFO] IPUIPlugin:80 - create IPUIPlugin
2025-07-19 07:29:15,419 [INFO] PluginManager:220 - loadIPPluginJar : add pdm2pcm
2025-07-19 07:29:15,451 [INFO] IPUIPlugin:80 - create IPUIPlugin
2025-07-19 07:29:15,459 [INFO] PluginManager:220 - loadIPPluginJar : add plateformsettings
2025-07-19 07:29:15,507 [INFO] IPUIPlugin:80 - create IPUIPlugin
2025-07-19 07:29:15,507 [INFO] PluginManager:220 - loadIPPluginJar : add quadspi
2025-07-19 07:29:15,566 [INFO] IPUIPlugin:80 - create IPUIPlugin
2025-07-19 07:29:15,567 [INFO] PluginManager:220 - loadIPPluginJar : add radio
2025-07-19 07:29:15,599 [INFO] IPUIPlugin:80 - create IPUIPlugin
2025-07-19 07:29:15,600 [INFO] PluginManager:220 - loadIPPluginJar : add resmgrutility
2025-07-19 07:29:15,699 [INFO] IPUIPlugin:80 - create IPUIPlugin
2025-07-19 07:29:15,699 [INFO] PluginManager:220 - loadIPPluginJar : add sai
2025-07-19 07:29:15,797 [INFO] IPUIPlugin:80 - create IPUIPlugin
2025-07-19 07:29:15,798 [INFO] PluginManager:220 - loadIPPluginJar : add spi
2025-07-19 07:29:16,001 [INFO] IPUIPlugin:80 - create IPUIPlugin
2025-07-19 07:29:16,002 [INFO] PluginManager:220 - loadIPPluginJar : add stm32_wpan
2025-07-19 07:29:16,077 [INFO] IPUIPlugin:80 - create IPUIPlugin
2025-07-19 07:29:16,078 [INFO] PluginManager:220 - loadIPPluginJar : add tim
2025-07-19 07:29:16,218 [INFO] IPUIPlugin:80 - create IPUIPlugin
2025-07-19 07:29:16,218 [INFO] PluginManager:220 - loadIPPluginJar : add touchsensing
2025-07-19 07:29:16,276 [INFO] IPUIPlugin:80 - create IPUIPlugin
2025-07-19 07:29:16,276 [INFO] PluginManager:220 - loadIPPluginJar : add tracer_emb
2025-07-19 07:29:16,327 [INFO] IPUIPlugin:80 - create IPUIPlugin
2025-07-19 07:29:16,327 [INFO] PluginManager:220 - loadIPPluginJar : add ts
2025-07-19 07:29:16,379 [INFO] IPUIPlugin:80 - create IPUIPlugin
2025-07-19 07:29:16,380 [INFO] PluginManager:220 - loadIPPluginJar : add tsc
2025-07-19 07:29:16,424 [INFO] IPUIPlugin:80 - create IPUIPlugin
2025-07-19 07:29:16,425 [INFO] PluginManager:220 - loadIPPluginJar : add ucpd
2025-07-19 07:29:16,509 [INFO] IPUIPlugin:80 - create IPUIPlugin
2025-07-19 07:29:16,510 [INFO] PluginManager:220 - loadIPPluginJar : add usart
2025-07-19 07:29:16,604 [INFO] IPUIPlugin:80 - create IPUIPlugin
2025-07-19 07:29:16,604 [INFO] PluginManager:220 - loadIPPluginJar : add usbx
2025-07-19 07:29:16,791 [INFO] CADModel:165 - CPN selected for project level
2025-07-19 07:29:16,791 [INFO] CADModel:114 - Register for checkConnection events
2025-07-19 07:29:16,792 [FATAL] Updater:334 - Updater called before beeing initialized
2025-07-19 07:29:16,793 [ERROR] CADModel:125 - Updater not yet initialized, retry later 
2025-07-19 07:29:17,062 [INFO] CADModel:165 - CPN selected for project level
2025-07-19 07:29:17,062 [INFO] CADModel:114 - Register for checkConnection events
2025-07-19 07:29:17,062 [FATAL] Updater:334 - Updater called before beeing initialized
2025-07-19 07:29:17,062 [ERROR] CADModel:125 - Updater not yet initialized, retry later 
2025-07-19 07:29:17,069 [FATAL] Updater:334 - Updater called before beeing initialized
2025-07-19 07:29:17,229 [FATAL] Updater:334 - Updater called before beeing initialized
2025-07-19 07:29:17,246 [INFO] DbMcusAds:53 - JSON generation date=Thu Jun 19 15:32:37 ICT 2025 (1750321957418)
2025-07-19 07:29:17,247 [FATAL] Updater:334 - Updater called before beeing initialized
2025-07-19 07:29:17,298 [WARN] DetailPanel:346 - Failed to get advertising image, set to default
2025-07-19 07:29:17,368 [INFO] ThirdPartyUpdaterWithRetryManager:70 - Updater plugin not ready yet. [3/15]
2025-07-19 07:29:17,387 [FATAL] Updater:334 - Updater called before beeing initialized
2025-07-19 07:29:17,391 [FATAL] Updater:334 - Updater called before beeing initialized
2025-07-19 07:29:17,391 [FATAL] Updater:334 - Updater called before beeing initialized
2025-07-19 07:29:17,392 [WARN] DetailPanel:346 - Failed to get advertising image, set to default
2025-07-19 07:29:17,393 [FATAL] Updater:334 - Updater called before beeing initialized
2025-07-19 07:29:17,495 [ERROR] Updater:1164 - MainUpdater not yet initialized. External WinMGr cannot be set.
2025-07-19 07:29:17,512 [INFO] Updater:1100 - Updater Version found : 6.12.0
2025-07-19 07:29:17,541 [INFO] ApplicationProperties:184 - Using Application install path: C:\ST\STM32CubeIDE_1.16.0\STM32CubeIDE\plugins\com.st.stm32cube.common.mx_6.12.0.202406281431
2025-07-19 07:29:19,162 [ERROR] LogOutputStream:75 - [STDERR_REDIRECT] Jul 19, 2025 7:29:19 AM java.util.prefs.WindowsPreferences <init>
2025-07-19 07:29:19,164 [ERROR] LogOutputStream:75 - [STDERR_REDIRECT] WARNING: Could not open/create prefs root node Software\JavaSoft\Prefs at root 0xffffffff80000002. Windows RegCreateKeyEx(...) returned error code 5.
2025-07-19 07:29:19,164 [ERROR] LogOutputStream:75 - [STDERR_REDIRECT] 
2025-07-19 07:29:19,843 [INFO] MainUpdater:2873 - connection check result : 10
2025-07-19 07:29:19,844 [INFO] MainUpdater:290 - Updater Check For Update Now.
2025-07-19 07:29:19,845 [INFO] MicroXplorer:498 - Change Database Version : DB.6.0.120
2025-07-19 07:29:19,878 [INFO] McuFinderGlobals:63 - Set McuFinder mode to 2 (CubeIDE integrated)
2025-07-19 07:29:19,896 [INFO] UserAuth:417 - Internet connection configuration mode: 1
2025-07-19 07:29:19,967 [INFO] JxBrowserEngine:152 - Initiate JxBrowser Engine with user profile folder
2025-07-19 07:29:20,140 [INFO] CheckServerUpdateThread:120 - End of CheckServer Thread
2025-07-19 07:29:20,894 [WARN] PackLoader:240 - Cannot read IP mode file for STMicroelectronics.FP-SNS-MOTENVWB1.1.4.0
2025-07-19 07:29:20,919 [WARN] PackLoader:240 - Cannot read IP mode file for STMicroelectronics.FP-ATR-ASTRA1.2.0.2
2025-07-19 07:29:20,943 [WARN] PackLoader:240 - Cannot read IP mode file for STMicroelectronics.FP-ATR-ASTRA1.2.0.1
2025-07-19 07:29:20,971 [WARN] PackLoader:240 - Cannot read IP mode file for STMicroelectronics.X-CUBE-SMBUS.2.1.0
2025-07-19 07:29:20,999 [WARN] PackLoader:240 - Cannot read IP mode file for STMicroelectronics.X-CUBE-WB05N.1.1.0
2025-07-19 07:29:21,028 [ERROR] Engine:466 - C:\Users\dell\.stm32cubemx\thirdparties\pdsc\STMicroelectronics.X-CUBE-ST60.1.0.0.pdsc: PDSC version is not supported
2025-07-19 07:29:21,060 [WARN] PackLoader:240 - Cannot read IP mode file for STMicroelectronics.X-CUBE-TOUCHGFX.4.23.0
2025-07-19 07:29:21,141 [WARN] PackLoader:240 - Cannot read IP mode file for STMicroelectronics.X-CUBE-AZRTOS-F7.1.1.0
2025-07-19 07:29:21,197 [WARN] PackLoader:240 - Cannot read IP mode file for STMicroelectronics.FP-SNS-MOTENV1.4.3.2
2025-07-19 07:29:21,352 [WARN] PackLoader:240 - Cannot read IP mode file for STMicroelectronics.X-CUBE-MEMS1.11.0.0
2025-07-19 07:29:21,545 [WARN] PackLoader:240 - Cannot read IP mode file for STMicroelectronics.FP-SNS-FLIGHT1.5.0.2
2025-07-19 07:29:21,625 [WARN] PackLoader:240 - Cannot read IP mode file for STMicroelectronics.X-CUBE-AZRTOS-H7.3.4.0
2025-07-19 07:29:21,665 [WARN] PackLoader:240 - Cannot read IP mode file for STMicroelectronics.X-CUBE-DISPLAY.3.0.0
2025-07-19 07:29:21,699 [WARN] PackLoader:240 - Cannot read IP mode file for STMicroelectronics.X-CUBE-BLE1.7.0.0
2025-07-19 07:29:21,729 [WARN] PackLoader:240 - Cannot read IP mode file for STMicroelectronics.X-CUBE-NFC10.1.0.0
2025-07-19 07:29:21,771 [WARN] PackLoader:240 - Cannot read IP mode file for STMicroelectronics.X-CUBE-BLEMGR.4.0.0
2025-07-19 07:29:21,802 [WARN] PackLoader:240 - Cannot read IP mode file for emotas.I-CUBE-CANOPEN.1.3.0
2025-07-19 07:29:21,845 [WARN] PackLoader:240 - Cannot read IP mode file for STMicroelectronics.X-CUBE-TOUCHGFX.4.22.1
2025-07-19 07:29:21,885 [WARN] PackLoader:240 - Cannot read IP mode file for STMicroelectronics.X-CUBE-BLEMGR.3.1.0
2025-07-19 07:29:21,917 [WARN] PackLoader:240 - Cannot read IP mode file for STMicroelectronics.X-CUBE-AI.10.0.0
2025-07-19 07:29:21,950 [WARN] PackLoader:240 - Cannot read IP mode file for STMicroelectronics.FP-SNS-SMARTAG2.1.2.0
2025-07-19 07:29:21,987 [ERROR] Engine:466 - C:\Users\dell\.stm32cubemx\thirdparties\pdsc\STMicroelectronics.FP-SNS-FLIGHT1.5.1.0.pdsc: PDSC version is not supported
2025-07-19 07:29:22,160 [WARN] PackLoader:240 - Cannot read IP mode file for STMicroelectronics.X-CUBE-MEMS1.11.1.0
2025-07-19 07:29:22,518 [INFO] LogOutputStream:77 - [STDOUT_REDIRECT] 1 : Invalid condition id : UX_CORESTACK_Condition cause : null
2025-07-19 07:29:22,521 [INFO] LogOutputStream:77 - [STDOUT_REDIRECT] 1 : Invalid condition id : UX_CORESTACK_Condition cause : null
2025-07-19 07:29:22,525 [INFO] LogOutputStream:77 - [STDOUT_REDIRECT] 1 : Invalid condition id : UX_CORESTACK_Condition cause : null
2025-07-19 07:29:22,529 [INFO] LogOutputStream:77 - [STDOUT_REDIRECT] 1 : Invalid condition id : UX_CORESTACK_Condition cause : null
2025-07-19 07:29:22,532 [INFO] LogOutputStream:77 - [STDOUT_REDIRECT] 1 : Invalid condition id : UX_CORESTACK_Condition cause : null
2025-07-19 07:29:22,544 [WARN] PackLoader:240 - Cannot read IP mode file for STMicroelectronics.X-CUBE-AZRTOS-WL.2.0.0
2025-07-19 07:29:22,643 [WARN] PackLoader:240 - Cannot read IP mode file for STMicroelectronics.FP-SNS-MOTENV1.5.0.0
2025-07-19 07:29:22,706 [WARN] PackLoader:240 - Cannot read IP mode file for wolfSSL.I-CUBE-wolfMQTT.1.19.0
2025-07-19 07:29:22,755 [WARN] PackLoader:240 - Cannot read IP mode file for WES.I-CUBE-Cesium.1.3.0
2025-07-19 07:29:22,799 [WARN] PackLoader:240 - Cannot read IP mode file for STMicroelectronics.X-CUBE-BLE2.3.3.0
2025-07-19 07:29:22,842 [WARN] PackLoader:240 - Cannot read IP mode file for STMicroelectronics.X-CUBE-NFC9.1.0.0
2025-07-19 07:29:22,889 [WARN] PackLoader:240 - Cannot read IP mode file for STMicroelectronics.X-CUBE-BLE1.7.1.0
2025-07-19 07:29:22,934 [WARN] PackLoader:240 - Cannot read IP mode file for STMicroelectronics.X-CUBE-TCPP.4.1.0
2025-07-19 07:29:22,975 [WARN] PackLoader:240 - Cannot read IP mode file for STMicroelectronics.X-CUBE-EEPRMA1.5.2.0
2025-07-19 07:29:23,000 [WARN] PackLoader:240 - Cannot read IP mode file for STMicroelectronics.X-CUBE-AI.10.1.0
2025-07-19 07:29:23,033 [WARN] PackLoader:240 - Cannot read IP mode file for STMicroelectronics.X-CUBE-ALGOBUILD.1.3.0
2025-07-19 07:29:23,131 [WARN] PackLoader:240 - Cannot read IP mode file for STMicroelectronics.X-CUBE-MEMS1.11.2.0
2025-07-19 07:29:23,384 [WARN] PackLoader:240 - Cannot read IP mode file for STMicroelectronics.X-CUBE-AZRTOS-G0.1.1.0
2025-07-19 07:29:23,421 [WARN] PackLoader:240 - Cannot read IP mode file for STMicroelectronics.X-CUBE-SAFEA1.1.2.2
2025-07-19 07:29:23,466 [WARN] PackLoader:240 - Cannot read IP mode file for STMicroelectronics.X-CUBE-NFC4.3.0.0
2025-07-19 07:29:23,513 [WARN] PackLoader:240 - Cannot read IP mode file for EmbeddedOffice.I-CUBE-FS-RTOS.1.0.1
2025-07-19 07:29:23,515 [ERROR] ConditionMgr:805 - Attr not supported : Dmpu
2025-07-19 07:29:23,516 [ERROR] ConditionMgr:805 - Attr not supported : Dmpu
2025-07-19 07:29:23,516 [ERROR] ConditionMgr:805 - Attr not supported : Dmpu
2025-07-19 07:29:23,516 [ERROR] ConditionMgr:805 - Attr not supported : Dmpu
2025-07-19 07:29:23,517 [ERROR] ConditionMgr:805 - Attr not supported : Dmpu
2025-07-19 07:29:23,517 [ERROR] ConditionMgr:805 - Attr not supported : Dmpu
2025-07-19 07:29:23,517 [ERROR] ConditionMgr:805 - Attr not supported : Dmpu
2025-07-19 07:29:23,517 [ERROR] ConditionMgr:805 - Attr not supported : Dmpu
2025-07-19 07:29:23,517 [ERROR] ConditionMgr:805 - Attr not supported : Dmpu
2025-07-19 07:29:23,517 [ERROR] ConditionMgr:805 - Attr not supported : Dmpu
2025-07-19 07:29:23,517 [ERROR] ConditionMgr:805 - Attr not supported : Dmpu
2025-07-19 07:29:23,517 [ERROR] ConditionMgr:805 - Attr not supported : Dmpu
2025-07-19 07:29:23,517 [ERROR] ConditionMgr:805 - Attr not supported : Dmpu
2025-07-19 07:29:23,518 [ERROR] ConditionMgr:805 - Attr not supported : Dmpu
2025-07-19 07:29:23,518 [ERROR] ConditionMgr:805 - Attr not supported : Dmpu
2025-07-19 07:29:23,518 [ERROR] ConditionMgr:805 - Attr not supported : Dmpu
2025-07-19 07:29:23,518 [ERROR] ConditionMgr:805 - Attr not supported : Dmpu
2025-07-19 07:29:23,518 [ERROR] ConditionMgr:805 - Attr not supported : Dmpu
2025-07-19 07:29:23,518 [ERROR] ConditionMgr:805 - Attr not supported : Dmpu
2025-07-19 07:29:23,518 [ERROR] ConditionMgr:805 - Attr not supported : Dmpu
2025-07-19 07:29:23,519 [ERROR] ConditionMgr:805 - Attr not supported : Dmpu
2025-07-19 07:29:23,519 [ERROR] ConditionMgr:805 - Attr not supported : Dmpu
2025-07-19 07:29:23,519 [ERROR] ConditionMgr:805 - Attr not supported : Dmpu
2025-07-19 07:29:23,519 [ERROR] ConditionMgr:805 - Attr not supported : Dmpu
2025-07-19 07:29:23,519 [ERROR] ConditionMgr:805 - Attr not supported : Dmpu
2025-07-19 07:29:23,519 [ERROR] ConditionMgr:805 - Attr not supported : Dmpu
2025-07-19 07:29:23,519 [ERROR] ConditionMgr:805 - Attr not supported : Dmpu
2025-07-19 07:29:23,519 [ERROR] ConditionMgr:805 - Attr not supported : Dmpu
2025-07-19 07:29:23,520 [ERROR] ConditionMgr:805 - Attr not supported : Dmpu
2025-07-19 07:29:23,520 [ERROR] ConditionMgr:805 - Attr not supported : Dmpu
2025-07-19 07:29:23,520 [ERROR] ConditionMgr:805 - Attr not supported : Dmpu
2025-07-19 07:29:23,520 [ERROR] ConditionMgr:805 - Attr not supported : Dmpu
2025-07-19 07:29:23,520 [ERROR] ConditionMgr:805 - Attr not supported : Dmpu
2025-07-19 07:29:23,520 [ERROR] ConditionMgr:805 - Attr not supported : Dmpu
2025-07-19 07:29:23,520 [ERROR] ConditionMgr:805 - Attr not supported : Dmpu
2025-07-19 07:29:23,520 [ERROR] ConditionMgr:805 - Attr not supported : Dmpu
2025-07-19 07:29:23,521 [ERROR] ConditionMgr:805 - Attr not supported : Dmpu
2025-07-19 07:29:23,521 [ERROR] ConditionMgr:805 - Attr not supported : Dmpu
2025-07-19 07:29:23,521 [ERROR] ConditionMgr:805 - Attr not supported : Dmpu
2025-07-19 07:29:23,521 [ERROR] ConditionMgr:805 - Attr not supported : Dmpu
2025-07-19 07:29:23,522 [ERROR] ConditionMgr:805 - Attr not supported : Dmpu
2025-07-19 07:29:23,522 [ERROR] ConditionMgr:805 - Attr not supported : Dmpu
2025-07-19 07:29:23,522 [ERROR] ConditionMgr:805 - Attr not supported : Dmpu
2025-07-19 07:29:23,522 [ERROR] ConditionMgr:805 - Attr not supported : Dmpu
2025-07-19 07:29:23,522 [ERROR] ConditionMgr:805 - Attr not supported : Dmpu
2025-07-19 07:29:23,522 [ERROR] ConditionMgr:805 - Attr not supported : Dmpu
2025-07-19 07:29:23,522 [ERROR] ConditionMgr:805 - Attr not supported : Dmpu
2025-07-19 07:29:23,522 [ERROR] ConditionMgr:805 - Attr not supported : Dmpu
2025-07-19 07:29:23,522 [ERROR] ConditionMgr:805 - Attr not supported : Dmpu
2025-07-19 07:29:23,522 [ERROR] ConditionMgr:805 - Attr not supported : Dmpu
2025-07-19 07:29:23,523 [ERROR] ConditionMgr:805 - Attr not supported : Dmpu
2025-07-19 07:29:23,523 [ERROR] ConditionMgr:805 - Attr not supported : Dmpu
2025-07-19 07:29:23,523 [ERROR] ConditionMgr:805 - Attr not supported : Dmpu
2025-07-19 07:29:23,523 [ERROR] ConditionMgr:805 - Attr not supported : Dmpu
2025-07-19 07:29:23,523 [ERROR] ConditionMgr:805 - Attr not supported : Dmpu
2025-07-19 07:29:23,523 [ERROR] ConditionMgr:805 - Attr not supported : Dmpu
2025-07-19 07:29:23,523 [ERROR] ConditionMgr:805 - Attr not supported : Dmpu
2025-07-19 07:29:23,523 [ERROR] ConditionMgr:805 - Attr not supported : Dmpu
2025-07-19 07:29:23,523 [ERROR] ConditionMgr:805 - Attr not supported : Dmpu
2025-07-19 07:29:23,523 [ERROR] ConditionMgr:805 - Attr not supported : Dmpu
2025-07-19 07:29:23,523 [ERROR] ConditionMgr:805 - Attr not supported : Dmpu
2025-07-19 07:29:23,524 [ERROR] ConditionMgr:805 - Attr not supported : Dmpu
2025-07-19 07:29:23,524 [ERROR] ConditionMgr:805 - Attr not supported : Dmpu
2025-07-19 07:29:23,524 [ERROR] ConditionMgr:805 - Attr not supported : Dmpu
2025-07-19 07:29:23,556 [WARN] PackLoader:240 - Cannot read IP mode file for STMicroelectronics.X-CUBE-WB05N.2.0.0
2025-07-19 07:29:23,605 [WARN] PackLoader:240 - Cannot read IP mode file for STMicroelectronics.X-CUBE-BLEMGR.3.0.0
2025-07-19 07:29:23,646 [ERROR] Engine:466 - C:\Users\dell\.stm32cubemx\thirdparties\pdsc\STMicroelectronics.X-CUBE-TCPP.4.2.0.pdsc: PDSC version is not supported
2025-07-19 07:29:23,676 [WARN] PackLoader:240 - Cannot read IP mode file for RealThread.X-CUBE-RT-Thread_Nano.4.1.1
2025-07-19 07:29:23,741 [WARN] PackLoader:240 - Cannot read IP mode file for STMicroelectronics.FP-ATR-SIGFOX1.3.2.0
2025-07-19 07:29:23,792 [WARN] ConditionMgr:438 - getConditionDescription Invalid condition id : Cortex-A Device cause : null
2025-07-19 07:29:23,857 [WARN] ConditionMgr:1039 - genDependencies : Invalid condition id : Cortex-A Device cause : null
2025-07-19 07:29:23,857 [WARN] ConditionMgr:1039 - genDependencies : Invalid condition id : Cortex-A Device cause : null
2025-07-19 07:29:23,857 [WARN] ConditionMgr:1039 - genDependencies : Invalid condition id : Cortex-A Device cause : null
2025-07-19 07:29:23,897 [WARN] PackLoader:240 - Cannot read IP mode file for STMicroelectronics.X-CUBE-EEPRMA1.5.1.0
2025-07-19 07:29:23,929 [ERROR] Engine:466 - C:\Users\dell\.stm32cubemx\thirdparties\pdsc\STMicroelectronics.X-CUBE-ST67W61.1.0.0.pdsc: PDSC version is not supported
2025-07-19 07:29:24,054 [WARN] PackLoader:240 - Cannot read IP mode file for SEGGER.I-CUBE-embOS.1.3.1
2025-07-19 07:29:24,222 [WARN] PackLoader:240 - Cannot read IP mode file for STMicroelectronics.X-CUBE-ALGOBUILD.1.4.0
2025-07-19 07:29:24,355 [WARN] PackLoader:240 - Cannot read IP mode file for STMicroelectronics.X-CUBE-MEMS1.11.3.0
2025-07-19 07:29:24,612 [WARN] PackLoader:240 - Cannot read IP mode file for STMicroelectronics.X-CUBE-AI.9.1.0
2025-07-19 07:29:24,653 [WARN] PackLoader:240 - Cannot read IP mode file for STMicroelectronics.X-CUBE-PM33A1.1.0.0
2025-07-19 07:29:24,697 [WARN] PackLoader:240 - Cannot read IP mode file for STMicroelectronics.X-CUBE-GNSS1.6.0.0
2025-07-19 07:29:24,761 [WARN] PackLoader:240 - Cannot read IP mode file for STMicroelectronics.X-CUBE-AZRTOS-F4.1.1.0
2025-07-19 07:29:24,799 [WARN] PackLoader:240 - Cannot read IP mode file for wolfSSL.I-CUBE-wolfSSL.5.6.3
2025-07-19 07:29:24,838 [ERROR] Engine:466 - C:\Users\dell\.stm32cubemx\thirdparties\pdsc\Avnet-IotConnect.X-CUBE-IoTC-DA16k-PMOD.1.0.0.pdsc: PDSC version is not supported
2025-07-19 07:29:24,873 [WARN] PackLoader:240 - Cannot read IP mode file for STMicroelectronics.X-CUBE-ISPU.2.1.0
2025-07-19 07:29:24,914 [WARN] PackLoader:240 - Cannot read IP mode file for STMicroelectronics.X-CUBE-FREERTOS.1.2.0
2025-07-19 07:29:24,957 [WARN] PackLoader:240 - Cannot read IP mode file for STMicroelectronics.X-CUBE-NFC12.1.0.0
2025-07-19 07:29:25,015 [WARN] PackLoader:240 - Cannot read IP mode file for STMicroelectronics.X-CUBE-AZRTOS-L5.2.0.0
2025-07-19 07:29:25,123 [WARN] PackLoader:240 - Cannot read IP mode file for STMicroelectronics.X-CUBE-MEMS1.9.6.0
2025-07-19 07:29:25,386 [WARN] PackLoader:240 - Cannot read IP mode file for STMicroelectronics.X-CUBE-EEPRMA1.4.2.0
2025-07-19 07:29:25,431 [WARN] PackLoader:240 - Cannot read IP mode file for STMicroelectronics.X-CUBE-NFC6.3.1.0
2025-07-19 07:29:25,478 [WARN] PackLoader:240 - Cannot read IP mode file for ITTIA_DB.I-CUBE-ITTIADB.8.8.0
2025-07-19 07:29:25,517 [WARN] PackLoader:240 - Cannot read IP mode file for STMicroelectronics.X-CUBE-BLEMGR.2.0.0
2025-07-19 07:29:25,572 [WARN] PackLoader:240 - Cannot read IP mode file for STMicroelectronics.X-CUBE-DPower.1.2.0
2025-07-19 07:29:25,624 [WARN] PackLoader:240 - Cannot read IP mode file for STMicroelectronics.X-CUBE-AI.9.0.0
2025-07-19 07:29:25,695 [WARN] ConditionMgr:438 - getConditionDescription Invalid condition id : UX DEVICE CLASS RTOS Condition cause : null
2025-07-19 07:29:25,696 [WARN] ConditionMgr:438 - getConditionDescription Invalid condition id : UX DEVICE CLASS RTOS Condition cause : null
2025-07-19 07:29:25,701 [WARN] PackLoader:240 - Cannot read IP mode file for STMicroelectronics.X-CUBE-AZRTOS-H7.3.1.0
2025-07-19 07:29:25,702 [WARN] ConditionMgr:1039 - genDependencies : Invalid condition id : UX DEVICE CLASS RTOS Condition cause : null
2025-07-19 07:29:25,702 [WARN] ConditionMgr:1039 - genDependencies : Invalid condition id : UX DEVICE CLASS RTOS Condition cause : null
2025-07-19 07:29:25,703 [WARN] ConditionMgr:1039 - genDependencies : Invalid condition id : UX DEVICE CLASS RTOS Condition cause : null
2025-07-19 07:29:25,703 [WARN] ConditionMgr:1039 - genDependencies : Invalid condition id : UX DEVICE CLASS RTOS Condition cause : null
2025-07-19 07:29:25,703 [WARN] ConditionMgr:1039 - genDependencies : Invalid condition id : UX DEVICE CLASS RTOS Condition cause : null
2025-07-19 07:29:25,741 [WARN] PackLoader:240 - Cannot read IP mode file for STMicroelectronics.X-CUBE-FREERTOS.1.3.1
2025-07-19 07:29:25,774 [WARN] PackLoader:240 - Cannot read IP mode file for STMicroelectronics.X-CUBE-FREERTOS.1.3.0
2025-07-19 07:29:25,827 [WARN] PackLoader:240 - Cannot read IP mode file for STMicroelectronics.X-CUBE-NFC7.1.0.1
2025-07-19 07:29:25,868 [WARN] PackLoader:240 - Cannot read IP mode file for wolfSSL.I-CUBE-wolfTPM.3.2.0
2025-07-19 07:29:25,911 [WARN] PackLoader:240 - Cannot read IP mode file for STMicroelectronics.X-CUBE-NFC6.3.0.0
2025-07-19 07:29:25,954 [WARN] PackLoader:240 - Cannot read IP mode file for STMicroelectronics.X-CUBE-EEPRMA1.4.1.0
2025-07-19 07:29:25,989 [ERROR] Engine:466 - C:\Users\dell\.stm32cubemx\thirdparties\pdsc\STMicroelectronics.FP-SNS-STAIOTCFT.1.0.0.pdsc: PDSC version is not supported
2025-07-19 07:29:26,030 [WARN] PackLoader:240 - Cannot read IP mode file for STMicroelectronics.X-CUBE-DPower.1.3.0
2025-07-19 07:29:26,058 [WARN] PackLoader:240 - Cannot read IP mode file for STMicroelectronics.X-CUBE-AI.8.1.0
2025-07-19 07:29:26,110 [WARN] ConditionMgr:438 - getConditionDescription Invalid condition id : LAN8742 Phy interface Condition cause : null
2025-07-19 07:29:26,112 [WARN] PackLoader:240 - Cannot read IP mode file for STMicroelectronics.X-CUBE-AZRTOS-L4.2.0.0
2025-07-19 07:29:26,114 [WARN] ConditionMgr:1039 - genDependencies : Invalid condition id : LAN8742 Phy interface Condition cause : null
2025-07-19 07:29:26,115 [WARN] ConditionMgr:1039 - genDependencies : Invalid condition id : LAN8742 Phy interface Condition cause : null
2025-07-19 07:29:26,115 [WARN] ConditionMgr:1039 - genDependencies : Invalid condition id : LAN8742 Phy interface Condition cause : null
2025-07-19 07:29:26,145 [WARN] PackLoader:240 - Cannot read IP mode file for STMicroelectronics.X-CUBE-SFXS2LP1.4.0.0
2025-07-19 07:29:26,169 [WARN] PackLoader:240 - Cannot read IP mode file for STMicroelectronics.X-CUBE-ISPU.1.1.0
2025-07-19 07:29:26,228 [WARN] PackLoader:240 - Cannot read IP mode file for STMicroelectronics.X-CUBE-AZRTOS-H7.3.3.0
2025-07-19 07:29:26,261 [ERROR] Engine:466 - C:\Users\dell\.stm32cubemx\thirdparties\pdsc\STMicroelectronics.X-CUBE-BLEMGR.4.1.0.pdsc: PDSC version is not supported
2025-07-19 07:29:26,309 [WARN] PackLoader:240 - Cannot read IP mode file for STMicroelectronics.X-CUBE-IPS.3.0.0
2025-07-19 07:29:26,367 [WARN] ConditionMgr:438 - getConditionDescription Invalid condition id : UX DEVICE CLASS RTOS Condition cause : null
2025-07-19 07:29:26,368 [WARN] ConditionMgr:438 - getConditionDescription Invalid condition id : UX DEVICE CLASS RTOS Condition cause : null
2025-07-19 07:29:26,370 [WARN] PackLoader:240 - Cannot read IP mode file for STMicroelectronics.X-CUBE-AZRTOS-WB.2.0.0
2025-07-19 07:29:26,371 [WARN] ConditionMgr:1039 - genDependencies : Invalid condition id : UX DEVICE CLASS RTOS Condition cause : null
2025-07-19 07:29:26,371 [WARN] ConditionMgr:1039 - genDependencies : Invalid condition id : UX DEVICE CLASS RTOS Condition cause : null
2025-07-19 07:29:26,371 [WARN] ConditionMgr:1039 - genDependencies : Invalid condition id : UX DEVICE CLASS RTOS Condition cause : null
2025-07-19 07:29:26,372 [WARN] ConditionMgr:1039 - genDependencies : Invalid condition id : UX DEVICE CLASS RTOS Condition cause : null
2025-07-19 07:29:26,372 [WARN] ConditionMgr:1039 - genDependencies : Invalid condition id : UX DEVICE CLASS RTOS Condition cause : null
2025-07-19 07:29:26,401 [WARN] PackLoader:240 - Cannot read IP mode file for STMicroelectronics.X-CUBE-GNSS1.7.0.0
2025-07-19 07:29:26,431 [WARN] PackLoader:240 - Cannot read IP mode file for STMicroelectronics.X-CUBE-GNSS1.7.0.1
2025-07-19 07:29:26,462 [WARN] PackLoader:240 - Cannot read IP mode file for STMicroelectronics.X-CUBE-TOUCHGFX.4.25.0
2025-07-19 07:29:26,498 [WARN] PackLoader:240 - Cannot read IP mode file for STMicroelectronics.FP-SNS-STBOX1.2.0.0
2025-07-19 07:29:26,532 [WARN] PackLoader:240 - Cannot read IP mode file for STMicroelectronics.X-CUBE-SUBG2.5.0.0
2025-07-19 07:29:26,585 [WARN] PackLoader:240 - Cannot read IP mode file for STMicroelectronics.X-CUBE-AZRTOS-H7RS.1.1.0
2025-07-19 07:29:26,625 [WARN] PackLoader:240 - Cannot read IP mode file for Cesanta.I-CUBE-Mongoose.7.13.0
2025-07-19 07:29:26,672 [WARN] PackLoader:240 - Cannot read IP mode file for STMicroelectronics.X-CUBE-TOF1.3.3.1
2025-07-19 07:29:26,729 [WARN] PackLoader:240 - Cannot read IP mode file for STMicroelectronics.X-CUBE-AZRTOS-G4.2.0.0
2025-07-19 07:29:26,774 [WARN] PackLoader:240 - Cannot read IP mode file for Infineon.AIROC-Wi-Fi-Bluetooth-STM32.1.5.1
2025-07-19 07:29:26,822 [WARN] PackLoader:240 - Cannot read IP mode file for STMicroelectronics.FP-SNS-MOTENVWB1.1.3.0
2025-07-19 07:29:26,854 [WARN] PackLoader:240 - Cannot read IP mode file for STMicroelectronics.X-CUBE-NFC7.2.0.0
2025-07-19 07:29:26,888 [WARN] PackLoader:240 - Cannot read IP mode file for STMicroelectronics.FP-SNS-MOTENVWB1.1.3.1
2025-07-19 07:29:26,915 [WARN] PackLoader:240 - Cannot read IP mode file for STMicroelectronics.X-CUBE-ISPU.2.0.0
2025-07-19 07:29:26,951 [ERROR] Engine:466 - C:\Users\dell\.stm32cubemx\thirdparties\pdsc\STMicroelectronics.X-CUBE-IPS.3.1.0.pdsc: PDSC version is not supported
2025-07-19 07:29:26,985 [WARN] PackLoader:240 - Cannot read IP mode file for STMicroelectronics.X-CUBE-ALS.1.0.2
2025-07-19 07:29:27,108 [WARN] PackLoader:240 - Cannot read IP mode file for STMicroelectronics.X-CUBE-MEMS1.10.0.0
2025-07-19 07:29:27,480 [WARN] PackLoader:240 - Cannot read IP mode file for STMicroelectronics.X-CUBE-FREERTOS.1.1.0
2025-07-19 07:29:27,550 [WARN] PackLoader:240 - Cannot read IP mode file for STMicroelectronics.X-CUBE-TOUCHGFX.4.24.0
2025-07-19 07:29:27,593 [WARN] PackLoader:240 - Cannot read IP mode file for STMicroelectronics.X-CUBE-TOUCHGFX.4.24.2
2025-07-19 07:29:27,639 [WARN] PackLoader:240 - Cannot read IP mode file for STMicroelectronics.X-CUBE-TOUCHGFX.4.24.1
2025-07-19 07:29:27,821 [WARN] PackLoader:240 - Cannot read IP mode file for portGmbH.I-Cube-SoM-uGOAL.1.1.0
2025-07-19 07:29:27,884 [WARN] PackLoader:240 - Cannot read IP mode file for STMicroelectronics.X-CUBE-ALS.1.0.1
2025-07-19 07:29:28,032 [WARN] PackLoader:240 - Cannot read IP mode file for STMicroelectronics.X-CUBE-AZRTOS-H7RS.1.0.0
2025-07-19 07:29:28,100 [WARN] PackLoader:240 - Cannot read IP mode file for STMicroelectronics.FP-ATR-ASTRA1.2.0.0
2025-07-19 07:29:28,144 [WARN] PackLoader:240 - Cannot read IP mode file for STMicroelectronics.X-CUBE-TOF1.3.4.2
2025-07-19 07:29:28,203 [ERROR] Engine:466 - C:\Users\dell\.stm32cubemx\thirdparties\pdsc\STMicroelectronics.X-CUBE-TOF1.3.4.3.pdsc: PDSC version is not supported
2025-07-19 07:29:28,238 [WARN] PackLoader:240 - Cannot read IP mode file for STMicroelectronics.X-CUBE-TOF1.3.4.0
2025-07-19 07:29:28,297 [WARN] PackLoader:240 - Cannot read IP mode file for STMicroelectronics.X-CUBE-TOF1.3.4.1
2025-07-19 07:29:28,400 [WARN] PackLoader:240 - Cannot read IP mode file for STMicroelectronics.X-CUBE-AZRTOS-H7.3.2.0
2025-07-19 07:29:28,620 [WARN] PackLoader:240 - Cannot read IP mode file for wolfSSL.I-CUBE-wolfSSH.1.4.17
2025-07-19 07:29:28,622 [INFO] ThirdParty:978 - Integrity check success = true
2025-07-19 07:29:28,623 [INFO] IntegrityCheckThread:100 - exiting critical section [integrity check]
2025-07-19 07:29:28,623 [INFO] IntegrityCheckThread:103 - End integrity checks thread
2025-07-19 07:29:29,810 [INFO] WebApp:167 - Instantiating new browser for Auth
2025-07-19 07:29:31,479 [INFO] WebApp:448 - Apply proxy settings
2025-07-19 07:29:31,480 [INFO] WebApp:533 - Chromium requires no authentication
2025-07-19 07:29:31,521 [INFO] WebApp:476 - Direct internet connection detected
2025-07-19 07:29:31,598 [INFO] WebApp:869 - Register for checkConnection events
2025-07-19 07:29:31,598 [INFO] WebApp:448 - Apply proxy settings
2025-07-19 07:29:31,598 [INFO] WebApp:533 - Chromium requires no authentication
2025-07-19 07:29:31,599 [INFO] WebApp:476 - Direct internet connection detected
2025-07-19 07:29:31,962 [INFO] WebApp:220 - Starting web application
2025-07-19 07:29:31,963 [INFO] WebApp:578 - Web application path used C:\ST\STM32CubeIDE_1.16.0\STM32CubeIDE\plugins\com.st.stm32cube.common.mx_6.12.0.202406281431\db\plugins\mcufinder\reactClient1\index.html
2025-07-19 07:29:32,220 [INFO] WebApp:186 - Connection restablished
2025-07-19 07:29:32,626 [INFO] UserAuth:417 - Internet connection configuration mode: 1
2025-07-19 10:50:12,565 [INFO] McuFinderGlobals:63 - Set McuFinder mode to 2 (CubeIDE integrated)
2025-07-19 10:50:12,616 [INFO] UserAuth:417 - Internet connection configuration mode: 1
2025-07-19 10:50:12,746 [INFO] UserAuth:179 - activating auth plugin
2025-07-19 10:50:12,873 [INFO] UserAuth:417 - Internet connection configuration mode: 1
2025-07-19 12:05:14,463 [INFO] WebApp:189 - Connection lost
2025-07-19 12:05:15,110 [INFO] WebApp:186 - Connection restablished
2025-07-19 13:18:01,122 [INFO] WebApp:189 - Connection lost
2025-07-19 13:18:03,523 [INFO] WebApp:186 - Connection restablished
2025-07-19 13:18:05,904 [INFO] WebApp:189 - Connection lost
2025-07-19 13:18:06,225 [INFO] WebApp:186 - Connection restablished
2025-07-19 14:45:39,882 [INFO] WebApp:189 - Connection lost
2025-07-19 14:45:41,290 [INFO] WebApp:186 - Connection restablished
2025-07-19 14:45:41,613 [INFO] WebApp:189 - Connection lost
2025-07-19 14:45:41,899 [INFO] WebApp:186 - Connection restablished
2025-07-19 14:45:44,874 [INFO] WebApp:189 - Connection lost
2025-07-19 14:45:45,268 [INFO] WebApp:186 - Connection restablished
2025-07-19 23:10:09,337 [INFO] WebApp:189 - Connection lost
2025-07-19 23:10:20,896 [INFO] WebApp:186 - Connection restablished
2025-07-19 23:10:21,146 [INFO] WebApp:189 - Connection lost
2025-07-19 23:10:22,219 [INFO] WebApp:186 - Connection restablished
2025-07-19 23:10:23,669 [INFO] WebApp:189 - Connection lost
2025-07-19 23:10:24,144 [INFO] WebApp:186 - Connection restablished
